info: ::1 - - [19/Nov/2023:13:07:32 +0000] "GET /api/users/ HTTP/1.1" 200 2 "-" "PostmanRuntime/7.35.0" {"timestamp":"19/Nov/2023:09:07:32 -0400"}
info: ::1 - - [19/Nov/2023:13:07:46 +0000] "POST /api/users/ HTTP/1.1" 400 31 "-" "PostmanRuntime/7.35.0" {"timestamp":"19/Nov/2023:09:07:46 -0400"}
info: ::1 - - [19/Nov/2023:13:10:02 +0000] "POST /api/roles/ HTTP/1.1" 201 107 "-" "PostmanRuntime/7.35.0" {"timestamp":"19/Nov/2023:09:10:02 -0400"}
info: ::1 - - [19/Nov/2023:13:10:35 +0000] "POST /api/roles/ HTTP/1.1" 201 103 "-" "PostmanRuntime/7.35.0" {"timestamp":"19/Nov/2023:09:10:35 -0400"}
info: ::1 - - [19/Nov/2023:13:11:16 +0000] "GET /api/roles/ HTTP/1.1" 200 213 "-" "PostmanRuntime/7.35.0" {"timestamp":"19/Nov/2023:09:11:16 -0400"}
info: ::1 - - [19/Nov/2023:13:14:04 +0000] "POST /api/users/ HTTP/1.1" 201 335 "-" "PostmanRuntime/7.35.0" {"timestamp":"19/Nov/2023:09:14:04 -0400"}
info: ::1 - - [19/Nov/2023:13:14:40 +0000] "GET /api/users/ HTTP/1.1" 200 109 "-" "PostmanRuntime/7.35.0" {"timestamp":"19/Nov/2023:09:14:40 -0400"}
info: ::1 - - [19/Nov/2023:13:15:21 +0000] "POST /api/users/ HTTP/1.1" 201 335 "-" "PostmanRuntime/7.35.0" {"timestamp":"19/Nov/2023:09:15:21 -0400"}
info: ::1 - - [19/Nov/2023:13:15:27 +0000] "GET /api/users/ HTTP/1.1" 200 217 "-" "PostmanRuntime/7.35.0" {"timestamp":"19/Nov/2023:09:15:27 -0400"}
info: ::1 - - [19/Nov/2023:23:13:42 +0000] "POST /api/files/ HTTP/1.1" 404 150 "-" "PostmanRuntime/7.35.0" {"timestamp":"19/Nov/2023:19:13:42 -0400"}
info: Alguna información relevante {"timestamp":"19/Nov/2023:19:16:52 -0400"}
info: Find File by id {"timestamp":"19/Nov/2023:19:16:52 -0400"}
info: ::1 - - [19/Nov/2023:23:16:52 +0000] "POST /api/files/ HTTP/1.1" 400 32 "-" "PostmanRuntime/7.35.0" {"timestamp":"19/Nov/2023:19:16:52 -0400"}
info: Alguna información relevante {"timestamp":"19/Nov/2023:19:17:28 -0400"}
info: Find File by id {"timestamp":"19/Nov/2023:19:17:28 -0400"}
info: ::1 - - [19/Nov/2023:23:17:28 +0000] "POST /api/files/ HTTP/1.1" 400 32 "-" "PostmanRuntime/7.35.0" {"timestamp":"19/Nov/2023:19:17:28 -0400"}
info: Alguna información relevante {"timestamp":"19/Nov/2023:19:17:52 -0400"}
info: Find File by id {"timestamp":"19/Nov/2023:19:17:52 -0400"}
info: ::1 - - [19/Nov/2023:23:17:52 +0000] "POST /api/files/ HTTP/1.1" 400 32 "-" "PostmanRuntime/7.35.0" {"timestamp":"19/Nov/2023:19:17:52 -0400"}
info: Alguna información relevante {"timestamp":"19/Nov/2023:19:18:35 -0400"}
info: Find File by id {"timestamp":"19/Nov/2023:19:18:35 -0400"}
info: ::1 - - [19/Nov/2023:23:18:35 +0000] "POST /api/files/ HTTP/1.1" 400 83 "-" "PostmanRuntime/7.35.0" {"timestamp":"19/Nov/2023:19:18:35 -0400"}
info: Alguna información relevante {"timestamp":"19/Nov/2023:19:19:33 -0400"}
info: Find File by id {"timestamp":"19/Nov/2023:19:19:33 -0400"}
info: ::1 - - [19/Nov/2023:23:19:33 +0000] "POST /api/files/ HTTP/1.1" 400 83 "-" "PostmanRuntime/7.35.0" {"timestamp":"19/Nov/2023:19:19:33 -0400"}
info: Alguna información relevante {"timestamp":"19/Nov/2023:19:21:18 -0400"}
info: Find File by id {"timestamp":"19/Nov/2023:19:21:18 -0400"}
info: ::1 - - [19/Nov/2023:23:21:18 +0000] "POST /api/files/ HTTP/1.1" 201 576 "-" "PostmanRuntime/7.35.0" {"timestamp":"19/Nov/2023:19:21:18 -0400"}
info: Alguna información relevante {"timestamp":"19/Nov/2023:19:22:58 -0400"}
info: Find File by id {"timestamp":"19/Nov/2023:19:22:58 -0400"}
info: ::1 - - [19/Nov/2023:23:22:58 +0000] "POST /api/files/ HTTP/1.1" 400 111 "-" "PostmanRuntime/7.35.0" {"timestamp":"19/Nov/2023:19:22:58 -0400"}
info: Alguna información relevante {"timestamp":"19/Nov/2023:19:23:13 -0400"}
info: Find File by id {"timestamp":"19/Nov/2023:19:23:13 -0400"}
info: ::1 - - [19/Nov/2023:23:23:13 +0000] "POST /api/files/ HTTP/1.1" 201 246 "-" "PostmanRuntime/7.35.0" {"timestamp":"19/Nov/2023:19:23:13 -0400"}
info: Alguna información relevante {"timestamp":"19/Nov/2023:19:32:08 -0400"}
info: Find File by id {"timestamp":"19/Nov/2023:19:32:08 -0400"}
info: ::1 - - [19/Nov/2023:23:32:08 +0000] "POST /api/files/ HTTP/1.1" 201 245 "-" "PostmanRuntime/7.35.0" {"timestamp":"19/Nov/2023:19:32:08 -0400"}
info: ::1 - - [19/Nov/2023:23:32:28 +0000] "GET /api/files/ HTTP/1.1" 200 452 "-" "PostmanRuntime/7.35.0" {"timestamp":"19/Nov/2023:19:32:28 -0400"}
info: Alguna información relevante {"timestamp":"19/Nov/2023:19:37:32 -0400"}
info: Find File by id {"timestamp":"19/Nov/2023:19:37:32 -0400"}
info: ::1 - - [19/Nov/2023:23:37:32 +0000] "POST /api/files/ HTTP/1.1" 201 245 "-" "PostmanRuntime/7.35.0" {"timestamp":"19/Nov/2023:19:37:32 -0400"}
info: Alguna información relevante {"timestamp":"19/Nov/2023:19:40:03 -0400"}
info: Find File by id {"timestamp":"19/Nov/2023:19:40:03 -0400"}
info: ::1 - - [19/Nov/2023:23:40:03 +0000] "POST /api/files/ HTTP/1.1" 201 579 "-" "PostmanRuntime/7.35.0" {"timestamp":"19/Nov/2023:19:40:03 -0400"}
info: ::1 - - [19/Nov/2023:23:40:15 +0000] "GET /api/files/ HTTP/1.1" 200 755 "-" "PostmanRuntime/7.35.0" {"timestamp":"19/Nov/2023:19:40:15 -0400"}
info: Alguna información relevante {"timestamp":"19/Nov/2023:19:41:02 -0400"}
info: Find File by id {"timestamp":"19/Nov/2023:19:41:02 -0400"}
info: ::1 - - [19/Nov/2023:23:41:03 +0000] "POST /api/files/ HTTP/1.1" 201 579 "-" "PostmanRuntime/7.35.0" {"timestamp":"19/Nov/2023:19:41:03 -0400"}
info: ::1 - - [19/Nov/2023:23:41:50 +0000] "GET /api/files/ HTTP/1.1" 200 908 "-" "PostmanRuntime/7.35.0" {"timestamp":"19/Nov/2023:19:41:50 -0400"}
info: Alguna información relevante {"timestamp":"19/Nov/2023:19:48:26 -0400"}
info: Find File by id {"timestamp":"19/Nov/2023:19:48:26 -0400"}
info: ::1 - - [19/Nov/2023:23:48:26 +0000] "POST /api/files/ HTTP/1.1" 400 237 "-" "PostmanRuntime/7.35.0" {"timestamp":"19/Nov/2023:19:48:26 -0400"}
info: Alguna información relevante {"timestamp":"19/Nov/2023:19:49:26 -0400"}
info: Find File by id {"timestamp":"19/Nov/2023:19:49:26 -0400"}
info: ::1 - - [19/Nov/2023:23:49:26 +0000] "POST /api/files/ HTTP/1.1" 201 830 "-" "PostmanRuntime/7.35.0" {"timestamp":"19/Nov/2023:19:49:26 -0400"}
info: ::1 - - [20/Nov/2023:05:34:11 +0000] "GET /api/files/ HTTP/1.1" 200 1061 "-" "PostmanRuntime/7.35.0" {"timestamp":"20/Nov/2023:01:34:11 -0400"}
info: ::1 - - [20/Nov/2023:05:59:27 +0000] "GET /api/files/myfiles/c38debae-4eef-432a-b6e7-a724ebbad944 HTTP/1.1" 200 22 "-" "PostmanRuntime/7.35.0" {"timestamp":"20/Nov/2023:01:59:27 -0400"}
info: ::1 - - [20/Nov/2023:06:00:08 +0000] "GET /api/files/myfiles/c38debae-4eef-432a-b6e7-a724ebbad944 HTTP/1.1" 200 22 "-" "PostmanRuntime/7.35.0" {"timestamp":"20/Nov/2023:02:00:08 -0400"}
info: ::1 - - [20/Nov/2023:06:00:55 +0000] "GET /api/files/myfiles/c38debae-4eef-432a-b6e7-a724ebbad944 HTTP/1.1" 200 22 "-" "PostmanRuntime/7.35.0" {"timestamp":"20/Nov/2023:02:00:55 -0400"}
info: ::1 - - [20/Nov/2023:06:02:27 +0000] "GET /api/files/myfiles/c38debae-4eef-432a-b6e7-a724ebbad944 HTTP/1.1" 200 22 "-" "PostmanRuntime/7.35.0" {"timestamp":"20/Nov/2023:02:02:27 -0400"}
info: ::1 - - [20/Nov/2023:06:02:59 +0000] "GET /api/files/myfiles/c38debae-4eef-432a-b6e7-a724ebbad944 HTTP/1.1" 200 22 "-" "PostmanRuntime/7.35.0" {"timestamp":"20/Nov/2023:02:02:59 -0400"}
info: ::1 - - [20/Nov/2023:06:03:57 +0000] "GET /api/files/myfiles/c38debae-4eef-432a-b6e7-a724ebbad944 HTTP/1.1" 200 22 "-" "PostmanRuntime/7.35.0" {"timestamp":"20/Nov/2023:02:03:57 -0400"}
info: ::1 - - [20/Nov/2023:06:05:04 +0000] "GET /api/files/myfiles/c38debae-4eef-432a-b6e7-a724ebbad944 HTTP/1.1" 200 1177 "-" "PostmanRuntime/7.35.0" {"timestamp":"20/Nov/2023:02:05:04 -0400"}
info: ::1 - - [20/Nov/2023:06:06:48 +0000] "GET /api/files/myfiles/c38debae-4eef-432a-b6e7-a724ebbad944 HTTP/1.1" 200 1165 "-" "PostmanRuntime/7.35.0" {"timestamp":"20/Nov/2023:02:06:48 -0400"}
info: ::1 - - [20/Nov/2023:06:07:01 +0000] "GET /api/files/myfiles/1 HTTP/1.1" 200 1052 "-" "PostmanRuntime/7.35.0" {"timestamp":"20/Nov/2023:02:07:01 -0400"}
info: Alguna información relevante {"timestamp":"20/Nov/2023:02:07:34 -0400"}
info: Find File by id {"timestamp":"20/Nov/2023:02:07:34 -0400"}
info: ::1 - - [20/Nov/2023:06:07:34 +0000] "POST /api/files/ HTTP/1.1" 400 237 "-" "PostmanRuntime/7.35.0" {"timestamp":"20/Nov/2023:02:07:34 -0400"}
info: Alguna información relevante {"timestamp":"20/Nov/2023:02:08:14 -0400"}
info: Find File by id {"timestamp":"20/Nov/2023:02:08:14 -0400"}
info: ::1 - - [20/Nov/2023:06:08:14 +0000] "POST /api/files/ HTTP/1.1" 201 785 "-" "PostmanRuntime/7.35.0" {"timestamp":"20/Nov/2023:02:08:14 -0400"}
info: Alguna información relevante {"timestamp":"20/Nov/2023:02:09:03 -0400"}
info: Find File by id {"timestamp":"20/Nov/2023:02:09:03 -0400"}
info: ::1 - - [20/Nov/2023:06:09:04 +0000] "POST /api/files/ HTTP/1.1" 201 787 "-" "PostmanRuntime/7.35.0" {"timestamp":"20/Nov/2023:02:09:04 -0400"}
info: ::1 - - [20/Nov/2023:06:09:14 +0000] "GET /api/files/myfiles/1 HTTP/1.1" 200 1746 "-" "PostmanRuntime/7.35.0" {"timestamp":"20/Nov/2023:02:09:14 -0400"}
info: Usuario con ID: undefined actualizado con éxito {"timestamp":"20/Nov/2023:02:12:26 -0400"}
info: ::1 - - [20/Nov/2023:06:12:26 +0000] "PUT /api/files/3914e0bb-114d-4cc0-bef1-d45963b5b1b8 HTTP/1.1" 200 246 "-" "PostmanRuntime/7.35.0" {"timestamp":"20/Nov/2023:02:12:26 -0400"}
info: Alguna información relevante {"timestamp":"20/Nov/2023:13:56:40 -0400"}
info: Find File by id {"timestamp":"20/Nov/2023:13:56:40 -0400"}
info: ::1 - - [20/Nov/2023:17:56:40 +0000] "POST /api/files/ HTTP/1.1" 201 790 "-" "PostmanRuntime/7.35.0" {"timestamp":"20/Nov/2023:13:56:40 -0400"}
info: ::1 - - [20/Nov/2023:17:57:08 +0000] "GET /api/files/myfiles/1 HTTP/1.1" 200 2097 "-" "PostmanRuntime/7.35.0" {"timestamp":"20/Nov/2023:13:57:08 -0400"}
info: Usuario con ID: undefined actualizado con éxito {"timestamp":"20/Nov/2023:13:58:16 -0400"}
info: ::1 - - [20/Nov/2023:17:58:16 +0000] "PUT /api/files/eeacd2ec-7d80-420a-9c11-ffa92b8adeb5 HTTP/1.1" 200 253 "-" "PostmanRuntime/7.35.0" {"timestamp":"20/Nov/2023:13:58:16 -0400"}
info: ::1 - - [20/Nov/2023:17:58:24 +0000] "GET /api/files/myfiles/1 HTTP/1.1" 200 2104 "-" "PostmanRuntime/7.35.0" {"timestamp":"20/Nov/2023:13:58:24 -0400"}
error: Error al eliminar al usuario con ID: undefined. Error: QueryFailedError: ER_ROW_IS_REFERENCED_2: Cannot delete or update a parent row: a foreign key constraint fails (`CertiDrive`.`file_entity`, CONSTRAINT `FK_b84ade665863325d2d350c1e7a0` FOREIGN KEY (`directory_id`) REFERENCES `file_entity` (`id`)) {"timestamp":"20/Nov/2023:13:59:09 -0400"}
info: ::1 - - [20/Nov/2023:17:59:09 +0000] "DELETE /api/files/eeacd2ec-7d80-420a-9c11-ffa92b8adeb5 HTTP/1.1" 500 892 "-" "PostmanRuntime/7.35.0" {"timestamp":"20/Nov/2023:13:59:09 -0400"}
error: Error al eliminar al usuario con ID: undefined. Error: QueryFailedError: ER_ROW_IS_REFERENCED_2: Cannot delete or update a parent row: a foreign key constraint fails (`CertiDrive`.`file_entity`, CONSTRAINT `FK_b84ade665863325d2d350c1e7a0` FOREIGN KEY (`directory_id`) REFERENCES `file_entity` (`id`)) {"timestamp":"20/Nov/2023:13:59:49 -0400"}
info: ::1 - - [20/Nov/2023:17:59:49 +0000] "DELETE /api/files/3914e0bb-114d-4cc0-bef1-d45963b5b1b8 HTTP/1.1" 500 892 "-" "PostmanRuntime/7.35.0" {"timestamp":"20/Nov/2023:13:59:49 -0400"}
error: Error al eliminar al usuario con ID: 3914e0bb-114d-4cc0-bef1-d45963b5b1b8. Error: QueryFailedError: ER_ROW_IS_REFERENCED_2: Cannot delete or update a parent row: a foreign key constraint fails (`CertiDrive`.`file_entity`, CONSTRAINT `FK_b84ade665863325d2d350c1e7a0` FOREIGN KEY (`directory_id`) REFERENCES `file_entity` (`id`)) {"timestamp":"20/Nov/2023:14:01:00 -0400"}
info: ::1 - - [20/Nov/2023:18:01:00 +0000] "DELETE /api/files/3914e0bb-114d-4cc0-bef1-d45963b5b1b8 HTTP/1.1" 500 892 "-" "PostmanRuntime/7.35.0" {"timestamp":"20/Nov/2023:14:01:00 -0400"}
info: ::1 - - [20/Nov/2023:18:01:08 +0000] "GET /api/files/myfiles/1 HTTP/1.1" 200 2104 "-" "PostmanRuntime/7.35.0" {"timestamp":"20/Nov/2023:14:01:08 -0400"}
error: Error al eliminar al usuario con ID: 3914e0bb-114d-4cc0-bef1-d45963b5b1b8. Error: QueryFailedError: ER_ROW_IS_REFERENCED_2: Cannot delete or update a parent row: a foreign key constraint fails (`CertiDrive`.`file_entity`, CONSTRAINT `FK_b84ade665863325d2d350c1e7a0` FOREIGN KEY (`directory_id`) REFERENCES `file_entity` (`id`)) {"timestamp":"20/Nov/2023:14:01:23 -0400"}
info: ::1 - - [20/Nov/2023:18:01:23 +0000] "DELETE /api/files/3914e0bb-114d-4cc0-bef1-d45963b5b1b8 HTTP/1.1" 500 892 "-" "PostmanRuntime/7.35.0" {"timestamp":"20/Nov/2023:14:01:23 -0400"}
error: Error al eliminar al archivo con ID: 3914e0bb-114d-4cc0-bef1-d45963b5b1b8. Error: QueryFailedError: ER_ROW_IS_REFERENCED_2: Cannot delete or update a parent row: a foreign key constraint fails (`CertiDrive`.`file_entity`, CONSTRAINT `FK_b84ade665863325d2d350c1e7a0` FOREIGN KEY (`directory_id`) REFERENCES `file_entity` (`id`)) {"timestamp":"20/Nov/2023:14:03:27 -0400"}
info: ::1 - - [20/Nov/2023:18:03:27 +0000] "DELETE /api/files/3914e0bb-114d-4cc0-bef1-d45963b5b1b8 HTTP/1.1" 500 892 "-" "PostmanRuntime/7.35.0" {"timestamp":"20/Nov/2023:14:03:27 -0400"}
info: ::1 - - [20/Nov/2023:18:03:59 +0000] "GET /api/files/ HTTP/1.1" 200 1513 "-" "PostmanRuntime/7.35.0" {"timestamp":"20/Nov/2023:14:03:59 -0400"}
error: Error al eliminar al archivo con ID: 3914e0bb-114d-4cc0-bef1-d45963b5b1b8. Error: QueryFailedError: ER_ROW_IS_REFERENCED_2: Cannot delete or update a parent row: a foreign key constraint fails (`CertiDrive`.`file_entity`, CONSTRAINT `FK_b84ade665863325d2d350c1e7a0` FOREIGN KEY (`directory_id`) REFERENCES `file_entity` (`id`)) {"timestamp":"20/Nov/2023:14:06:15 -0400"}
info: ::1 - - [20/Nov/2023:18:06:15 +0000] "DELETE /api/files/3914e0bb-114d-4cc0-bef1-d45963b5b1b8 HTTP/1.1" 500 892 "-" "PostmanRuntime/7.35.0" {"timestamp":"20/Nov/2023:14:06:15 -0400"}
error: Error al eliminar al archivo con ID: 3914e0bb-114d-4cc0-bef1-d45963b5b1b8. Error: QueryFailedError: ER_ROW_IS_REFERENCED_2: Cannot delete or update a parent row: a foreign key constraint fails (`CertiDrive`.`file_entity`, CONSTRAINT `FK_b84ade665863325d2d350c1e7a0` FOREIGN KEY (`directory_id`) REFERENCES `file_entity` (`id`)) {"timestamp":"20/Nov/2023:14:07:10 -0400"}
info: ::1 - - [20/Nov/2023:18:07:11 +0000] "DELETE /api/files/3914e0bb-114d-4cc0-bef1-d45963b5b1b8 HTTP/1.1" 500 892 "-" "PostmanRuntime/7.35.0" {"timestamp":"20/Nov/2023:14:07:11 -0400"}
info: Find File by id {"timestamp":"20/Nov/2023:14:07:41 -0400"}
info: ::1 - - [20/Nov/2023:18:07:41 +0000] "GET /api/files/3914e0bb-114d-4cc0-bef1-d45963b5b1b8 HTTP/1.1" 200 161 "-" "PostmanRuntime/7.35.0" {"timestamp":"20/Nov/2023:14:07:41 -0400"}
error: Error al eliminar al archivo con ID: 3914e0bb-114d-4cc0-bef1-d45963b5b1b8. Error: QueryFailedError: ER_ROW_IS_REFERENCED_2: Cannot delete or update a parent row: a foreign key constraint fails (`CertiDrive`.`file_entity`, CONSTRAINT `FK_b84ade665863325d2d350c1e7a0` FOREIGN KEY (`directory_id`) REFERENCES `file_entity` (`id`)) {"timestamp":"20/Nov/2023:14:09:55 -0400"}
info: ::1 - - [20/Nov/2023:18:09:55 +0000] "DELETE /api/files/3914e0bb-114d-4cc0-bef1-d45963b5b1b8 HTTP/1.1" 500 892 "-" "PostmanRuntime/7.35.0" {"timestamp":"20/Nov/2023:14:09:55 -0400"}
info: Intentando eliminar al archivo con ID: 3914e0bb-114d-4cc0-bef1-d45963b5b1b8 {"timestamp":"20/Nov/2023:14:11:27 -0400"}
info: FileService: Intentando eliminar al archivo con ID: 3914e0bb-114d-4cc0-bef1-d45963b5b1b8 {"timestamp":"20/Nov/2023:14:11:27 -0400"}
error: Error al eliminar al archivo con ID: 3914e0bb-114d-4cc0-bef1-d45963b5b1b8. Error: QueryFailedError: ER_ROW_IS_REFERENCED_2: Cannot delete or update a parent row: a foreign key constraint fails (`CertiDrive`.`file_entity`, CONSTRAINT `FK_b84ade665863325d2d350c1e7a0` FOREIGN KEY (`directory_id`) REFERENCES `file_entity` (`id`)) {"timestamp":"20/Nov/2023:14:14:08 -0400"}
info: ::1 - - [20/Nov/2023:18:14:08 +0000] "DELETE /api/files/3914e0bb-114d-4cc0-bef1-d45963b5b1b8 HTTP/1.1" 500 892 "-" "PostmanRuntime/7.35.0" {"timestamp":"20/Nov/2023:14:14:08 -0400"}
info: Intentando eliminar al archivo con ID: 3914e0bb-114d-4cc0-bef1-d45963b5b1b8 {"timestamp":"20/Nov/2023:14:14:58 -0400"}
info: FileService: Intentando eliminar al archivo con ID: 3914e0bb-114d-4cc0-bef1-d45963b5b1b8 {"timestamp":"20/Nov/2023:14:14:58 -0400"}
info: Eliminando file en Repository {"timestamp":"20/Nov/2023:14:14:58 -0400"}
error: Error al eliminar al archivo con ID: 3914e0bb-114d-4cc0-bef1-d45963b5b1b8. Error: QueryFailedError: ER_ROW_IS_REFERENCED_2: Cannot delete or update a parent row: a foreign key constraint fails (`CertiDrive`.`file_entity`, CONSTRAINT `FK_b84ade665863325d2d350c1e7a0` FOREIGN KEY (`directory_id`) REFERENCES `file_entity` (`id`)) {"timestamp":"20/Nov/2023:14:14:58 -0400"}
info: ::1 - - [20/Nov/2023:18:14:58 +0000] "DELETE /api/files/3914e0bb-114d-4cc0-bef1-d45963b5b1b8 HTTP/1.1" 500 892 "-" "PostmanRuntime/7.35.0" {"timestamp":"20/Nov/2023:14:14:58 -0400"}
info: Intentando eliminar al archivo con ID: 3914e0bb-114d-4cc0-bef1-d45963b5b1b8 {"timestamp":"20/Nov/2023:14:15:27 -0400"}
info: FileService: Intentando eliminar al archivo con ID: 3914e0bb-114d-4cc0-bef1-d45963b5b1b8 {"timestamp":"20/Nov/2023:14:15:27 -0400"}
info: Eliminando file en Repository {"timestamp":"20/Nov/2023:14:15:27 -0400"}
error: Error al eliminar al archivo con ID: 3914e0bb-114d-4cc0-bef1-d45963b5b1b8. Error: QueryFailedError: ER_ROW_IS_REFERENCED_2: Cannot delete or update a parent row: a foreign key constraint fails (`CertiDrive`.`file_entity`, CONSTRAINT `FK_b84ade665863325d2d350c1e7a0` FOREIGN KEY (`directory_id`) REFERENCES `file_entity` (`id`)) {"timestamp":"20/Nov/2023:14:15:27 -0400"}
info: ::1 - - [20/Nov/2023:18:15:27 +0000] "DELETE /api/files/3914e0bb-114d-4cc0-bef1-d45963b5b1b8 HTTP/1.1" 500 892 "-" "PostmanRuntime/7.35.0" {"timestamp":"20/Nov/2023:14:15:27 -0400"}
info: Intentando eliminar al archivo con ID: 3914e0bb-114d-4cc0-bef1-d45963b5b1b8 {"timestamp":"20/Nov/2023:18:15:43 -0400"}
info: FileService: Intentando eliminar al archivo con ID: 3914e0bb-114d-4cc0-bef1-d45963b5b1b8 {"timestamp":"20/Nov/2023:18:15:43 -0400"}
info: Eliminando file en Repository {"timestamp":"20/Nov/2023:18:15:43 -0400"}
info: Usuario eliminado correctamente {"timestamp":"20/Nov/2023:18:15:43 -0400"}
info: Archivo con ID: 3914e0bb-114d-4cc0-bef1-d45963b5b1b8 eliminado con éxito {"timestamp":"20/Nov/2023:18:15:43 -0400"}
info: ::1 - - [20/Nov/2023:22:15:43 +0000] "DELETE /api/files/3914e0bb-114d-4cc0-bef1-d45963b5b1b8 HTTP/1.1" 200 42 "-" "PostmanRuntime/7.35.0" {"timestamp":"20/Nov/2023:18:15:43 -0400"}
info: ::1 - - [20/Nov/2023:22:15:51 +0000] "GET /api/files/myfiles/1 HTTP/1.1" 200 702 "-" "PostmanRuntime/7.35.0" {"timestamp":"20/Nov/2023:18:15:51 -0400"}
info: ::1 - - [21/Nov/2023:01:16:26 +0000] "GET /api/users HTTP/1.1" 200 2 "-" "PostmanRuntime/7.35.0" {"timestamp":"20/Nov/2023:21:16:26 -0400"}
info: ::1 - - [21/Nov/2023:01:24:48 +0000] "POST /api/roles/ HTTP/1.1" 201 107 "-" "PostmanRuntime/7.35.0" {"timestamp":"20/Nov/2023:21:24:48 -0400"}
info: ::1 - - [21/Nov/2023:01:26:14 +0000] "POST /api/roles/ HTTP/1.1" 201 117 "-" "PostmanRuntime/7.35.0" {"timestamp":"20/Nov/2023:21:26:14 -0400"}
info: ::1 - - [21/Nov/2023:01:27:01 +0000] "POST /api/users/ HTTP/1.1" 201 350 "-" "PostmanRuntime/7.35.0" {"timestamp":"20/Nov/2023:21:27:01 -0400"}
info: Alguna información relevante {"timestamp":"20/Nov/2023:21:32:18 -0400"}
info: Find File by id {"timestamp":"20/Nov/2023:21:32:18 -0400"}
info: ::1 - - [21/Nov/2023:01:32:18 +0000] "POST /api/files/ HTTP/1.1" 400 255 "-" "PostmanRuntime/7.35.0" {"timestamp":"20/Nov/2023:21:32:18 -0400"}
info: Alguna información relevante {"timestamp":"20/Nov/2023:21:32:55 -0400"}
info: Find File by id {"timestamp":"20/Nov/2023:21:32:55 -0400"}
info: ::1 - - [21/Nov/2023:01:32:55 +0000] "POST /api/files/ HTTP/1.1" 400 255 "-" "PostmanRuntime/7.35.0" {"timestamp":"20/Nov/2023:21:32:55 -0400"}
info: Alguna información relevante {"timestamp":"20/Nov/2023:21:38:04 -0400"}
info: Find File by id {"timestamp":"20/Nov/2023:21:38:04 -0400"}
info: ::1 - - [21/Nov/2023:01:38:04 +0000] "POST /api/files/ HTTP/1.1" 400 255 "-" "PostmanRuntime/7.35.0" {"timestamp":"20/Nov/2023:21:38:04 -0400"}
info: Alguna información relevante {"timestamp":"20/Nov/2023:21:38:44 -0400"}
info: Find File by id {"timestamp":"20/Nov/2023:21:38:44 -0400"}
info: ::1 - - [21/Nov/2023:01:38:44 +0000] "POST /api/files/ HTTP/1.1" 400 255 "-" "PostmanRuntime/7.35.0" {"timestamp":"20/Nov/2023:21:38:44 -0400"}
info: Alguna información relevante {"timestamp":"20/Nov/2023:21:42:17 -0400"}
info: Find File by id {"timestamp":"20/Nov/2023:21:42:17 -0400"}
info: ::1 - - [21/Nov/2023:01:42:17 +0000] "POST /api/files/ HTTP/1.1" 400 255 "-" "PostmanRuntime/7.35.0" {"timestamp":"20/Nov/2023:21:42:17 -0400"}
info: Alguna información relevante {"timestamp":"20/Nov/2023:21:48:22 -0400"}
info: Find File by id {"timestamp":"20/Nov/2023:21:48:22 -0400"}
info: ::1 - - [21/Nov/2023:01:48:22 +0000] "POST /api/files/ HTTP/1.1" 400 255 "-" "PostmanRuntime/7.35.0" {"timestamp":"20/Nov/2023:21:48:22 -0400"}
info: Alguna información relevante {"timestamp":"20/Nov/2023:21:50:09 -0400"}
info: Find File by id {"timestamp":"20/Nov/2023:21:50:09 -0400"}
info: ::1 - - [21/Nov/2023:01:50:09 +0000] "POST /api/files/ HTTP/1.1" 201 605 "-" "PostmanRuntime/7.35.0" {"timestamp":"20/Nov/2023:21:50:09 -0400"}
info: Alguna información relevante {"timestamp":"20/Nov/2023:21:51:32 -0400"}
info: Find File by id {"timestamp":"20/Nov/2023:21:51:32 -0400"}
info: ::1 - - [21/Nov/2023:01:51:33 +0000] "POST /api/files/ HTTP/1.1" 201 607 "-" "PostmanRuntime/7.35.0" {"timestamp":"20/Nov/2023:21:51:33 -0400"}
info: ::1 - - [21/Nov/2023:01:57:09 +0000] "GET /api/api/users HTTP/1.1" 404 152 "-" "PostmanRuntime/7.35.0" {"timestamp":"20/Nov/2023:21:57:09 -0400"}
info: ::1 - - [21/Nov/2023:01:57:19 +0000] "GET /api/users HTTP/1.1" 200 110 "-" "PostmanRuntime/7.35.0" {"timestamp":"20/Nov/2023:21:57:19 -0400"}
info: ::1 - - [21/Nov/2023:02:46:58 +0000] "POST /api/users HTTP/1.1" 201 350 "-" "PostmanRuntime/7.35.0" {"timestamp":"20/Nov/2023:22:46:58 -0400"}
info: ::1 - - [21/Nov/2023:02:47:12 +0000] "GET /api/users HTTP/1.1" 200 219 "-" "PostmanRuntime/7.35.0" {"timestamp":"20/Nov/2023:22:47:12 -0400"}
info: ::1 - - [21/Nov/2023:02:47:30 +0000] "GET /api/roles HTTP/1.1" 200 227 "-" "PostmanRuntime/7.35.0" {"timestamp":"20/Nov/2023:22:47:30 -0400"}
info: Alguna información relevante {"timestamp":"20/Nov/2023:22:51:46 -0400"}
info: Find File by id {"timestamp":"20/Nov/2023:22:51:46 -0400"}
info: ::1 - - [21/Nov/2023:02:51:46 +0000] "POST /api/files/ HTTP/1.1" 201 607 "-" "PostmanRuntime/7.35.0" {"timestamp":"20/Nov/2023:22:51:46 -0400"}
info: ::1 - - [21/Nov/2023:02:56:11 +0000] "GET /api/users HTTP/1.1" 200 219 "-" "PostmanRuntime/7.35.0" {"timestamp":"20/Nov/2023:22:56:11 -0400"}
debug: Intentando compartir el archivo con ID: e517e285-4725-47d9-8120-fd9820322c95 {"timestamp":"20/Nov/2023:22:56:47 -0400"}
info: FileService: Intentando compartir el archivo con ID: undefined {"timestamp":"20/Nov/2023:22:56:47 -0400"}
info: Archivo compartido con éxito con el usuario undefined {"timestamp":"20/Nov/2023:22:56:47 -0400"}
info: Archivo con ID: e517e285-4725-47d9-8120-fd9820322c95 compartido con éxito {"timestamp":"20/Nov/2023:22:56:47 -0400"}
info: ::1 - - [21/Nov/2023:02:56:47 +0000] "POST /api/files/share/e517e285-4725-47d9-8120-fd9820322c95 HTTP/1.1" 200 2 "-" "PostmanRuntime/7.35.0" {"timestamp":"20/Nov/2023:22:56:47 -0400"}
info: Alguna información relevante {"timestamp":"20/Nov/2023:23:27:27 -0400"}
info: Find File by id {"timestamp":"20/Nov/2023:23:27:27 -0400"}
info: ::1 - - [21/Nov/2023:03:27:27 +0000] "POST /api/files/ HTTP/1.1" 201 607 "-" "PostmanRuntime/7.35.0" {"timestamp":"20/Nov/2023:23:27:27 -0400"}
debug: Intentando compartir el archivo con ID: e517e285-4725-47d9-8120-fd9820322c95 {"timestamp":"20/Nov/2023:23:27:39 -0400"}
info: FileService: Intentando compartir el archivo con ID: undefined {"timestamp":"20/Nov/2023:23:27:39 -0400"}
info: Archivo compartido con éxito con el usuario undefined {"timestamp":"20/Nov/2023:23:27:39 -0400"}
info: Archivo con ID: e517e285-4725-47d9-8120-fd9820322c95 compartido con éxito {"timestamp":"20/Nov/2023:23:27:39 -0400"}
info: ::1 - - [21/Nov/2023:03:27:39 +0000] "POST /api/files/share/e517e285-4725-47d9-8120-fd9820322c95 HTTP/1.1" 200 2 "-" "PostmanRuntime/7.35.0" {"timestamp":"20/Nov/2023:23:27:39 -0400"}
info: Alguna información relevante {"timestamp":"20/Nov/2023:23:32:15 -0400"}
info: Find File by id {"timestamp":"20/Nov/2023:23:32:15 -0400"}
info: ::1 - - [21/Nov/2023:03:32:15 +0000] "POST /api/files/ HTTP/1.1" 201 607 "-" "PostmanRuntime/7.35.0" {"timestamp":"20/Nov/2023:23:32:15 -0400"}
debug: Intentando compartir el archivo con ID: e517e285-4725-47d9-8120-fd9820322c95 {"timestamp":"20/Nov/2023:23:32:24 -0400"}
info: FileService: Intentando compartir el archivo con ID: undefined {"timestamp":"20/Nov/2023:23:32:24 -0400"}
info: Archivo compartido con éxito con el usuario undefined {"timestamp":"20/Nov/2023:23:32:24 -0400"}
info: Archivo con ID: e517e285-4725-47d9-8120-fd9820322c95 compartido con éxito {"timestamp":"20/Nov/2023:23:32:24 -0400"}
info: ::1 - - [21/Nov/2023:03:32:24 +0000] "POST /api/files/share/e517e285-4725-47d9-8120-fd9820322c95 HTTP/1.1" 200 620 "-" "PostmanRuntime/7.35.0" {"timestamp":"20/Nov/2023:23:32:24 -0400"}
<<<<<<< HEAD
info: ::1 - - [21/Nov/2023:03:46:06 +0000] "GET /api/roles HTTP/1.1" 200 227 "-" "PostmanRuntime/7.35.0" {"timestamp":"20/Nov/2023:23:46:06 -0400"}
info: ::1 - - [21/Nov/2023:03:46:16 +0000] "POST /api/users HTTP/1.1" 201 350 "-" "PostmanRuntime/7.35.0" {"timestamp":"20/Nov/2023:23:46:16 -0400"}
info: Alguna información relevante {"timestamp":"20/Nov/2023:23:51:38 -0400"}
info: Find File by id {"timestamp":"20/Nov/2023:23:51:38 -0400"}
info: ::1 - - [21/Nov/2023:03:51:38 +0000] "POST /api/files/ HTTP/1.1" 201 607 "-" "PostmanRuntime/7.35.0" {"timestamp":"20/Nov/2023:23:51:38 -0400"}
debug: Intentando compartir el archivo con ID: e517e285-4725-47d9-8120-fd9820322c95 {"timestamp":"20/Nov/2023:23:52:09 -0400"}
info: FileService: Intentando compartir el archivo con ID: undefined {"timestamp":"20/Nov/2023:23:52:09 -0400"}
info: Archivo compartido con éxito con el usuario undefined {"timestamp":"20/Nov/2023:23:52:09 -0400"}
info: Archivo con ID: e517e285-4725-47d9-8120-fd9820322c95 compartido con éxito {"timestamp":"20/Nov/2023:23:52:09 -0400"}
info: ::1 - - [21/Nov/2023:03:52:09 +0000] "POST /api/files/share/e517e285-4725-47d9-8120-fd9820322c95 HTTP/1.1" 200 620 "-" "PostmanRuntime/7.35.0" {"timestamp":"20/Nov/2023:23:52:09 -0400"}
info: Alguna información relevante {"timestamp":"20/Nov/2023:23:57:35 -0400"}
info: Find File by id {"timestamp":"20/Nov/2023:23:57:35 -0400"}
info: ::1 - - [21/Nov/2023:03:57:35 +0000] "POST /api/files/ HTTP/1.1" 201 607 "-" "PostmanRuntime/7.35.0" {"timestamp":"20/Nov/2023:23:57:35 -0400"}
debug: Intentando compartir el archivo con ID: e517e285-4725-47d9-8120-fd9820322c95 {"timestamp":"20/Nov/2023:23:57:48 -0400"}
info: FileService: Intentando compartir el archivo con ID: undefined {"timestamp":"20/Nov/2023:23:57:48 -0400"}
info: Archivo compartido con éxito con el usuario undefined {"timestamp":"20/Nov/2023:23:57:48 -0400"}
info: Archivo con ID: e517e285-4725-47d9-8120-fd9820322c95 compartido con éxito {"timestamp":"20/Nov/2023:23:57:48 -0400"}
info: ::1 - - [21/Nov/2023:03:57:48 +0000] "POST /api/files/share/e517e285-4725-47d9-8120-fd9820322c95 HTTP/1.1" 200 620 "-" "PostmanRuntime/7.35.0" {"timestamp":"20/Nov/2023:23:57:48 -0400"}
info: Alguna información relevante {"timestamp":"20/Nov/2023:23:59:24 -0400"}
info: Find File by id {"timestamp":"20/Nov/2023:23:59:24 -0400"}
info: ::1 - - [21/Nov/2023:03:59:24 +0000] "POST /api/files/ HTTP/1.1" 201 607 "-" "PostmanRuntime/7.35.0" {"timestamp":"20/Nov/2023:23:59:24 -0400"}
debug: Intentando compartir el archivo con ID: e517e285-4725-47d9-8120-fd9820322c95 {"timestamp":"20/Nov/2023:23:59:35 -0400"}
info: FileService: Intentando compartir el archivo con ID: undefined {"timestamp":"20/Nov/2023:23:59:35 -0400"}
info: Archivo compartido con éxito con el usuario undefined {"timestamp":"20/Nov/2023:23:59:35 -0400"}
info: Archivo con ID: e517e285-4725-47d9-8120-fd9820322c95 compartido con éxito {"timestamp":"20/Nov/2023:23:59:35 -0400"}
info: ::1 - - [21/Nov/2023:03:59:35 +0000] "POST /api/files/share/e517e285-4725-47d9-8120-fd9820322c95 HTTP/1.1" 200 620 "-" "PostmanRuntime/7.35.0" {"timestamp":"20/Nov/2023:23:59:35 -0400"}
info: Alguna información relevante {"timestamp":"21/Nov/2023:00:00:53 -0400"}
info: Find File by id {"timestamp":"21/Nov/2023:00:00:53 -0400"}
info: ::1 - - [21/Nov/2023:04:00:53 +0000] "POST /api/files/ HTTP/1.1" 201 607 "-" "PostmanRuntime/7.35.0" {"timestamp":"21/Nov/2023:00:00:53 -0400"}
debug: Intentando compartir el archivo con ID: e517e285-4725-47d9-8120-fd9820322c95 {"timestamp":"21/Nov/2023:00:01:00 -0400"}
info: FileService: Intentando compartir el archivo con ID: undefined {"timestamp":"21/Nov/2023:00:01:00 -0400"}
info: Archivo compartido con éxito con el usuario undefined {"timestamp":"21/Nov/2023:00:01:00 -0400"}
info: Archivo con ID: e517e285-4725-47d9-8120-fd9820322c95 compartido con éxito {"timestamp":"21/Nov/2023:00:01:00 -0400"}
info: ::1 - - [21/Nov/2023:04:01:00 +0000] "POST /api/files/share/e517e285-4725-47d9-8120-fd9820322c95 HTTP/1.1" 200 620 "-" "PostmanRuntime/7.35.0" {"timestamp":"21/Nov/2023:00:01:00 -0400"}
info: Alguna información relevante {"timestamp":"21/Nov/2023:00:03:03 -0400"}
info: Find File by id {"timestamp":"21/Nov/2023:00:03:03 -0400"}
info: ::1 - - [21/Nov/2023:04:03:03 +0000] "POST /api/files/ HTTP/1.1" 201 607 "-" "PostmanRuntime/7.35.0" {"timestamp":"21/Nov/2023:00:03:03 -0400"}
debug: Intentando compartir el archivo con ID: e517e285-4725-47d9-8120-fd9820322c95 {"timestamp":"21/Nov/2023:00:03:19 -0400"}
info: FileService: Intentando compartir el archivo con ID: undefined {"timestamp":"21/Nov/2023:00:03:19 -0400"}
info: Archivo compartido con éxito con el usuario undefined {"timestamp":"21/Nov/2023:00:03:19 -0400"}
info: Archivo con ID: e517e285-4725-47d9-8120-fd9820322c95 compartido con éxito {"timestamp":"21/Nov/2023:00:03:19 -0400"}
info: ::1 - - [21/Nov/2023:04:03:19 +0000] "POST /api/files/share/e517e285-4725-47d9-8120-fd9820322c95 HTTP/1.1" 200 620 "-" "PostmanRuntime/7.35.0" {"timestamp":"21/Nov/2023:00:03:19 -0400"}
=======
info: ::1 - - [21/Nov/2023:03:38:52 +0000] "GET /api/roles HTTP/1.1" 200 213 "-" "PostmanRuntime/7.35.0" {"timestamp":"20/Nov/2023:23:38:52 -0400"}
info: ::1 - - [21/Nov/2023:03:39:49 +0000] "POST /api/users HTTP/1.1" 201 338 "-" "PostmanRuntime/7.35.0" {"timestamp":"20/Nov/2023:23:39:49 -0400"}
info: ::1 - - [21/Nov/2023:03:40:23 +0000] "POST /api/users HTTP/1.1" 201 340 "-" "PostmanRuntime/7.35.0" {"timestamp":"20/Nov/2023:23:40:23 -0400"}
info: ::1 - - [21/Nov/2023:03:41:20 +0000] "POST /api/users HTTP/1.1" 400 117 "-" "PostmanRuntime/7.35.0" {"timestamp":"20/Nov/2023:23:41:20 -0400"}
info: ::1 - - [21/Nov/2023:03:41:32 +0000] "GET /api/roles HTTP/1.1" 200 213 "-" "PostmanRuntime/7.35.0" {"timestamp":"20/Nov/2023:23:41:32 -0400"}
info: ::1 - - [21/Nov/2023:03:42:01 +0000] "POST /api/users HTTP/1.1" 400 117 "-" "PostmanRuntime/7.35.0" {"timestamp":"20/Nov/2023:23:42:01 -0400"}
info: ::1 - - [21/Nov/2023:03:42:09 +0000] "POST /api/users HTTP/1.1" 201 342 "-" "PostmanRuntime/7.35.0" {"timestamp":"20/Nov/2023:23:42:09 -0400"}
info: Alguna información relevante {"timestamp":"21/Nov/2023:00:07:36 -0400"}
info: Find File by id {"timestamp":"21/Nov/2023:00:07:36 -0400"}
info: ::1 - - [21/Nov/2023:04:07:36 +0000] "POST /api/files/ HTTP/1.1" 400 32 "-" "PostmanRuntime/7.35.0" {"timestamp":"21/Nov/2023:00:07:36 -0400"}
info: ::1 - - [21/Nov/2023:04:08:00 +0000] "GET /api/users HTTP/1.1" 200 629 "-" "PostmanRuntime/7.35.0" {"timestamp":"21/Nov/2023:00:08:00 -0400"}
info: Alguna información relevante {"timestamp":"21/Nov/2023:00:08:18 -0400"}
info: Find File by id {"timestamp":"21/Nov/2023:00:08:18 -0400"}
info: ::1 - - [21/Nov/2023:04:08:19 +0000] "POST /api/files/ HTTP/1.1" 201 556 "-" "PostmanRuntime/7.35.0" {"timestamp":"21/Nov/2023:00:08:19 -0400"}
info: FileService: Intentando compartir el archivo con ID: undefined {"timestamp":"21/Nov/2023:00:09:31 -0400"}
info: Archivo compartido con éxito con el usuario undefined {"timestamp":"21/Nov/2023:00:09:31 -0400"}
info: Archivo con ID: e517e285-4725-47d9-8120-fd9820322c95 compartido con éxito {"timestamp":"21/Nov/2023:00:09:31 -0400"}
info: ::1 - - [21/Nov/2023:04:09:31 +0000] "POST /api/files/share/e517e285-4725-47d9-8120-fd9820322c95 HTTP/1.1" 200 586 "-" "PostmanRuntime/7.35.0" {"timestamp":"21/Nov/2023:00:09:31 -0400"}
info: Find File by id {"timestamp":"21/Nov/2023:00:11:41 -0400"}
info: ::1 - - [21/Nov/2023:04:11:41 +0000] "GET /api/files/0fe25ced-e8a8-42e7-a1f3-0ec5096e7978 HTTP/1.1" 200 144 "-" "PostmanRuntime/7.35.0" {"timestamp":"21/Nov/2023:00:11:41 -0400"}
info: FileService: Intentando compartir el archivo con ID: undefined {"timestamp":"21/Nov/2023:00:15:04 -0400"}
info: Archivo compartido con éxito con el usuario undefined {"timestamp":"21/Nov/2023:00:15:04 -0400"}
info: Archivo con ID: e517e285-4725-47d9-8120-fd9820322c95 compartido con éxito {"timestamp":"21/Nov/2023:00:15:04 -0400"}
info: ::1 - - [21/Nov/2023:04:15:04 +0000] "POST /api/files/share/e517e285-4725-47d9-8120-fd9820322c95 HTTP/1.1" 200 586 "-" "PostmanRuntime/7.35.0" {"timestamp":"21/Nov/2023:00:15:04 -0400"}
info: FileService: Intentando compartir el archivo con ID: undefined {"timestamp":"21/Nov/2023:00:15:54 -0400"}
info: Archivo compartido con éxito con el usuario undefined {"timestamp":"21/Nov/2023:00:15:54 -0400"}
info: Archivo con ID: e517e285-4725-47d9-8120-fd9820322c95 compartido con éxito {"timestamp":"21/Nov/2023:00:15:54 -0400"}
info: ::1 - - [21/Nov/2023:04:15:54 +0000] "POST /api/files/share/e517e285-4725-47d9-8120-fd9820322c95 HTTP/1.1" 200 586 "-" "PostmanRuntime/7.35.0" {"timestamp":"21/Nov/2023:00:15:54 -0400"}
info: FileService: Intentando compartir el archivo con ID: undefined {"timestamp":"21/Nov/2023:00:17:56 -0400"}
info: Archivo compartido con éxito con el usuario undefined {"timestamp":"21/Nov/2023:00:17:56 -0400"}
info: Archivo con ID: e517e285-4725-47d9-8120-fd9820322c95 compartido con éxito {"timestamp":"21/Nov/2023:00:17:56 -0400"}
info: ::1 - - [21/Nov/2023:04:17:56 +0000] "POST /api/files/share/e517e285-4725-47d9-8120-fd9820322c95 HTTP/1.1" 200 586 "-" "PostmanRuntime/7.35.0" {"timestamp":"21/Nov/2023:00:17:56 -0400"}
info: FileService: Intentando compartir el archivo con ID: undefined {"timestamp":"21/Nov/2023:00:18:43 -0400"}
info: Archivo compartido con éxito con el usuario undefined {"timestamp":"21/Nov/2023:00:18:43 -0400"}
info: Archivo con ID: 1 compartido con éxito {"timestamp":"21/Nov/2023:00:18:43 -0400"}
info: ::1 - - [21/Nov/2023:04:18:43 +0000] "POST /api/files/share/1 HTTP/1.1" 200 586 "-" "PostmanRuntime/7.35.0" {"timestamp":"21/Nov/2023:00:18:43 -0400"}
info: FileService: Intentando compartir el archivo con ID: undefined {"timestamp":"21/Nov/2023:00:20:06 -0400"}
info: Archivo compartido con éxito con el usuario undefined {"timestamp":"21/Nov/2023:00:20:06 -0400"}
info: Archivo con ID: 1 compartido con éxito {"timestamp":"21/Nov/2023:00:20:06 -0400"}
info: ::1 - - [21/Nov/2023:04:20:06 +0000] "POST /api/files/share/1 HTTP/1.1" 200 586 "-" "PostmanRuntime/7.35.0" {"timestamp":"21/Nov/2023:00:20:06 -0400"}
info: FileService: Intentando compartir el archivo con ID: 0fe25ced-e8a8-42e7-a1f3-0ec5096e7978 {"timestamp":"21/Nov/2023:00:21:26 -0400"}
info: Archivo compartido con éxito con el usuario 1a939e65-a257-45ca-9e9e-22d32d599e1e {"timestamp":"21/Nov/2023:00:21:26 -0400"}
info: Archivo con ID: 1 compartido con éxito {"timestamp":"21/Nov/2023:00:21:26 -0400"}
info: ::1 - - [21/Nov/2023:04:21:26 +0000] "POST /api/files/share/1 HTTP/1.1" 200 606 "-" "PostmanRuntime/7.35.0" {"timestamp":"21/Nov/2023:00:21:26 -0400"}
info: FileService: Intentando compartir el archivo con ID: 0fe25ced-e8a8-42e7-a1f3-0ec5096e7978 {"timestamp":"21/Nov/2023:00:23:05 -0400"}
info: Archivo compartido con éxito con el usuario 1a939e65-a257-45ca-9e9e-22d32d599e1e {"timestamp":"21/Nov/2023:00:23:05 -0400"}
info: Archivo con ID: 1 compartido con éxito {"timestamp":"21/Nov/2023:00:23:05 -0400"}
info: ::1 - - [21/Nov/2023:04:23:05 +0000] "POST /api/files/share/1 HTTP/1.1" 200 610 "-" "PostmanRuntime/7.35.0" {"timestamp":"21/Nov/2023:00:23:05 -0400"}
>>>>>>> 1ae0a9dd0e2ed6c2ecbbf41ce625869c7e4afe94
info: Alguna información relevante {"timestamp":"21/Nov/2023:00:35:57 -0400"}
info: Find File by id {"timestamp":"21/Nov/2023:00:35:57 -0400"}
info: ::1 - - [21/Nov/2023:04:35:57 +0000] "POST /api/files/ HTTP/1.1" 201 608 "-" "PostmanRuntime/7.35.0" {"timestamp":"21/Nov/2023:00:35:57 -0400"}
debug: Intentando compartir el archivo con ID: e517e285-4725-47d9-8120-fd9820322c95 {"timestamp":"21/Nov/2023:00:36:18 -0400"}
info: FileService: Intentando compartir el archivo con ID: 4afcce44-349d-4efb-82ae-fee59c3b5291 {"timestamp":"21/Nov/2023:00:36:18 -0400"}
info: Archivo compartido con éxito con el usuario 63975a5d-8260-4c23-8ad6-d7c9717f42b7 {"timestamp":"21/Nov/2023:00:36:18 -0400"}
info: Archivo con ID: e517e285-4725-47d9-8120-fd9820322c95 compartido con éxito {"timestamp":"21/Nov/2023:00:36:18 -0400"}
info: ::1 - - [21/Nov/2023:04:36:18 +0000] "POST /api/files/share/e517e285-4725-47d9-8120-fd9820322c95 HTTP/1.1" 200 613 "-" "PostmanRuntime/7.35.0" {"timestamp":"21/Nov/2023:00:36:18 -0400"}
info: ::1 - - [21/Nov/2023:04:38:48 +0000] "GET /api/myfiles/63975a5d-8260-4c23-8ad6-d7c9717f42b7 HTTP/1.1" 404 187 "-" "PostmanRuntime/7.35.0" {"timestamp":"21/Nov/2023:00:38:48 -0400"}
info: ::1 - - [21/Nov/2023:04:39:49 +0000] "GET /api/users HTTP/1.1" 200 328 "-" "PostmanRuntime/7.35.0" {"timestamp":"21/Nov/2023:00:39:49 -0400"}
info: ::1 - - [21/Nov/2023:04:40:05 +0000] "GET /api/myfiles/e517e285-4725-47d9-8120-fd9820322c95 HTTP/1.1" 404 187 "-" "PostmanRuntime/7.35.0" {"timestamp":"21/Nov/2023:00:40:05 -0400"}
info: ::1 - - [21/Nov/2023:04:41:27 +0000] "GET /api/myfiles/e517e285-4725-47d9-8120-fd9820322c95 HTTP/1.1" 404 187 "-" "PostmanRuntime/7.35.0" {"timestamp":"21/Nov/2023:00:41:27 -0400"}
info: ::1 - - [21/Nov/2023:04:41:36 +0000] "GET /api/users HTTP/1.1" 200 328 "-" "PostmanRuntime/7.35.0" {"timestamp":"21/Nov/2023:00:41:36 -0400"}
info: ::1 - - [21/Nov/2023:04:41:49 +0000] "GET /api/myfiles/e517e285-4725-47d9-8120-fd9820322c95 HTTP/1.1" 404 187 "-" "PostmanRuntime/7.35.0" {"timestamp":"21/Nov/2023:00:41:49 -0400"}
info: ::1 - - [21/Nov/2023:04:43:20 +0000] "GET /api/myfiles/e517e285-4725-47d9-8120-fd9820322c95 HTTP/1.1" 404 187 "-" "PostmanRuntime/7.35.0" {"timestamp":"21/Nov/2023:00:43:20 -0400"}
info: ::1 - - [21/Nov/2023:04:44:03 +0000] "GET /api/files/myfiles/e517e285-4725-47d9-8120-fd9820322c95 HTTP/1.1" 200 4204 "-" "PostmanRuntime/7.35.0" {"timestamp":"21/Nov/2023:00:44:03 -0400"}
info: ::1 - - [21/Nov/2023:04:46:14 +0000] "GET /api/files/myfiles/e517e285-4725-47d9-8120-fd9820322c95 HTTP/1.1" 200 4182 "-" "PostmanRuntime/7.35.0" {"timestamp":"21/Nov/2023:00:46:14 -0400"}
info: ::1 - - [21/Nov/2023:04:52:25 +0000] "GET /api/files/myfiles/e517e285-4725-47d9-8120-fd9820322c95 HTTP/1.1" 200 4202 "-" "PostmanRuntime/7.35.0" {"timestamp":"21/Nov/2023:00:52:25 -0400"}
info: Alguna información relevante {"timestamp":"21/Nov/2023:00:52:44 -0400"}
info: Find File by id {"timestamp":"21/Nov/2023:00:52:44 -0400"}
info: ::1 - - [21/Nov/2023:04:52:44 +0000] "POST /api/files/ HTTP/1.1" 201 606 "-" "PostmanRuntime/7.35.0" {"timestamp":"21/Nov/2023:00:52:44 -0400"}
info: Alguna información relevante {"timestamp":"21/Nov/2023:00:59:35 -0400"}
info: Find File by id {"timestamp":"21/Nov/2023:00:59:35 -0400"}
info: ::1 - - [21/Nov/2023:04:59:35 +0000] "POST /api/files/ HTTP/1.1" 201 609 "-" "PostmanRuntime/7.35.0" {"timestamp":"21/Nov/2023:00:59:35 -0400"}
info: Alguna información relevante {"timestamp":"21/Nov/2023:01:00:02 -0400"}
info: Find File by id {"timestamp":"21/Nov/2023:01:00:02 -0400"}
info: ::1 - - [21/Nov/2023:05:00:02 +0000] "POST /api/files/ HTTP/1.1" 201 606 "-" "PostmanRuntime/7.35.0" {"timestamp":"21/Nov/2023:01:00:02 -0400"}
info: Alguna información relevante {"timestamp":"21/Nov/2023:01:05:22 -0400"}
info: Find File by id {"timestamp":"21/Nov/2023:01:05:22 -0400"}
info: ::1 - - [21/Nov/2023:05:05:22 +0000] "POST /api/files/ HTTP/1.1" 201 606 "-" "PostmanRuntime/7.35.0" {"timestamp":"21/Nov/2023:01:05:22 -0400"}
debug: Intentando compartir el archivo con ID: e517e285-4725-47d9-8120-fd9820322c95 {"timestamp":"21/Nov/2023:01:05:41 -0400"}
info: FileService: Intentando compartir el archivo con ID: 2254f9e3-a0a8-4243-b14d-729248c65a5e {"timestamp":"21/Nov/2023:01:05:41 -0400"}
info: Archivo con ID: e517e285-4725-47d9-8120-fd9820322c95 compartido con éxito {"timestamp":"21/Nov/2023:01:05:41 -0400"}
info: ::1 - - [21/Nov/2023:05:05:41 +0000] "POST /api/files/share/e517e285-4725-47d9-8120-fd9820322c95 HTTP/1.1" 200 2 "-" "PostmanRuntime/7.35.0" {"timestamp":"21/Nov/2023:01:05:41 -0400"}
info: Alguna información relevante {"timestamp":"21/Nov/2023:01:08:16 -0400"}
info: Find File by id {"timestamp":"21/Nov/2023:01:08:16 -0400"}
info: ::1 - - [21/Nov/2023:05:08:16 +0000] "POST /api/files/ HTTP/1.1" 201 606 "-" "PostmanRuntime/7.35.0" {"timestamp":"21/Nov/2023:01:08:16 -0400"}
info: Alguna información relevante {"timestamp":"21/Nov/2023:01:08:22 -0400"}
info: Find File by id {"timestamp":"21/Nov/2023:01:08:22 -0400"}
info: ::1 - - [21/Nov/2023:05:08:22 +0000] "POST /api/files/ HTTP/1.1" 201 606 "-" "PostmanRuntime/7.35.0" {"timestamp":"21/Nov/2023:01:08:22 -0400"}
info: Alguna información relevante {"timestamp":"21/Nov/2023:01:08:32 -0400"}
info: Find File by id {"timestamp":"21/Nov/2023:01:08:32 -0400"}
info: ::1 - - [21/Nov/2023:05:08:32 +0000] "POST /api/files/ HTTP/1.1" 201 606 "-" "PostmanRuntime/7.35.0" {"timestamp":"21/Nov/2023:01:08:32 -0400"}
info: Alguna información relevante {"timestamp":"21/Nov/2023:01:09:33 -0400"}
info: Find File by id {"timestamp":"21/Nov/2023:01:09:33 -0400"}
info: ::1 - - [21/Nov/2023:05:09:33 +0000] "POST /api/files/ HTTP/1.1" 201 606 "-" "PostmanRuntime/7.35.0" {"timestamp":"21/Nov/2023:01:09:33 -0400"}
info: Alguna información relevante {"timestamp":"21/Nov/2023:01:10:46 -0400"}
info: Find File by id {"timestamp":"21/Nov/2023:01:10:46 -0400"}
info: ::1 - - [21/Nov/2023:05:10:46 +0000] "POST /api/files/ HTTP/1.1" 201 606 "-" "PostmanRuntime/7.35.0" {"timestamp":"21/Nov/2023:01:10:46 -0400"}
info: Alguna información relevante {"timestamp":"21/Nov/2023:01:12:27 -0400"}
info: Find File by id {"timestamp":"21/Nov/2023:01:12:27 -0400"}
info: ::1 - - [21/Nov/2023:05:12:27 +0000] "POST /api/files/ HTTP/1.1" 201 605 "-" "PostmanRuntime/7.35.0" {"timestamp":"21/Nov/2023:01:12:27 -0400"}
debug: Intentando compartir el archivo con ID: e517e285-4725-47d9-8120-fd9820322c95 {"timestamp":"21/Nov/2023:01:12:42 -0400"}
info: FileService: Intentando compartir el archivo con ID: 7731cf31-3e98-4d91-901e-12efd3d279ac {"timestamp":"21/Nov/2023:01:12:42 -0400"}
info: Archivo compartido con éxito con el usuario 63975a5d-8260-4c23-8ad6-d7c9717f42b7 {"timestamp":"21/Nov/2023:01:12:42 -0400"}
info: Archivo con ID: e517e285-4725-47d9-8120-fd9820322c95 compartido con éxito {"timestamp":"21/Nov/2023:01:12:42 -0400"}
info: ::1 - - [21/Nov/2023:05:12:42 +0000] "POST /api/files/share/e517e285-4725-47d9-8120-fd9820322c95 HTTP/1.1" 200 611 "-" "PostmanRuntime/7.35.0" {"timestamp":"21/Nov/2023:01:12:42 -0400"}
info: Alguna información relevante {"timestamp":"21/Nov/2023:01:15:53 -0400"}
info: Find File by id {"timestamp":"21/Nov/2023:01:15:54 -0400"}
info: ::1 - - [21/Nov/2023:05:15:54 +0000] "POST /api/files/ HTTP/1.1" 201 606 "-" "PostmanRuntime/7.35.0" {"timestamp":"21/Nov/2023:01:15:54 -0400"}
debug: Intentando compartir el archivo con ID: e517e285-4725-47d9-8120-fd9820322c95 {"timestamp":"21/Nov/2023:01:16:15 -0400"}
info: FileService: Intentando compartir el archivo con ID: b715d23f-4379-4ba7-91d2-4a16df431644 {"timestamp":"21/Nov/2023:01:16:15 -0400"}
error: Archivo no compartido {"timestamp":"21/Nov/2023:01:16:15 -0400"}
error: Error al compartir el archivo con ID: e517e285-4725-47d9-8120-fd9820322c95. Error: Error: Archivo no compartido {"timestamp":"21/Nov/2023:01:16:15 -0400"}
info: ::1 - - [21/Nov/2023:05:16:15 +0000] "POST /api/files/share/e517e285-4725-47d9-8120-fd9820322c95 HTTP/1.1" 500 43 "-" "PostmanRuntime/7.35.0" {"timestamp":"21/Nov/2023:01:16:15 -0400"}
info: ::1 - - [21/Nov/2023:05:19:24 +0000] "POST /api/auth/login HTTP/1.1" 200 333 "-" "PostmanRuntime/7.35.0" {"timestamp":"21/Nov/2023:01:19:24 -0400"}
info: ::1 - - [21/Nov/2023:05:26:04 +0000] "GET /api/files/myfiles/63975a5d-8260-4c23-8ad6-d7c9717f42b7 HTTP/1.1" 200 2 "-" "PostmanRuntime/7.35.0" {"timestamp":"21/Nov/2023:01:26:04 -0400"}
debug: Intentando obtener los archivos compartidos con el usuario con ID: 0b09f870-c42b-455d-86c3-2f4d0196d764 {"timestamp":"21/Nov/2023:01:33:49 -0400"}
error: Error al obtener los archivos compartidos con el usuario con ID: 0b09f870-c42b-455d-86c3-2f4d0196d764. Error: TypeError: this.fileService.mySharedFiles is not a function {"timestamp":"21/Nov/2023:01:33:49 -0400"}
info: ::1 - - [21/Nov/2023:05:33:49 +0000] "GET /api/files/mySharedFiles/0b09f870-c42b-455d-86c3-2f4d0196d764 HTTP/1.1" 500 70 "-" "PostmanRuntime/7.35.0" {"timestamp":"21/Nov/2023:01:33:49 -0400"}
debug: Intentando obtener los archivos compartidos con el usuario con ID: 63975a5d-8260-4c23-8ad6-d7c9717f42b7 {"timestamp":"21/Nov/2023:01:35:01 -0400"}
error: Error al obtener los archivos compartidos con el usuario con ID: 63975a5d-8260-4c23-8ad6-d7c9717f42b7. Error: TypeError: this.fileService.mySharedFiles is not a function {"timestamp":"21/Nov/2023:01:35:01 -0400"}
info: ::1 - - [21/Nov/2023:05:35:01 +0000] "GET /api/files/mySharedFiles/63975a5d-8260-4c23-8ad6-d7c9717f42b7 HTTP/1.1" 500 70 "-" "PostmanRuntime/7.35.0" {"timestamp":"21/Nov/2023:01:35:01 -0400"}
debug: Intentando obtener los archivos compartidos con el usuario con ID: 63975a5d-8260-4c23-8ad6-d7c9717f42b7 {"timestamp":"21/Nov/2023:01:36:56 -0400"}
error: Error al obtener los archivos compartidos con el usuario con ID: 63975a5d-8260-4c23-8ad6-d7c9717f42b7. Error: TypeError: this.fileStoragePort.mySharedFiles is not a function {"timestamp":"21/Nov/2023:01:36:56 -0400"}
info: ::1 - - [21/Nov/2023:05:36:56 +0000] "GET /api/files/mySharedFiles/63975a5d-8260-4c23-8ad6-d7c9717f42b7 HTTP/1.1" 500 70 "-" "PostmanRuntime/7.35.0" {"timestamp":"21/Nov/2023:01:36:56 -0400"}
debug: Intentando obtener los archivos compartidos con el usuario con ID: 63975a5d-8260-4c23-8ad6-d7c9717f42b7 {"timestamp":"21/Nov/2023:01:37:28 -0400"}
error: Error al obtener los archivos compartidos con el usuario con ID: 63975a5d-8260-4c23-8ad6-d7c9717f42b7. Error: TypeError: this.fileStoragePort.mySharedFiles is not a function {"timestamp":"21/Nov/2023:01:37:28 -0400"}
info: ::1 - - [21/Nov/2023:05:37:28 +0000] "GET /api/files/mySharedFiles/63975a5d-8260-4c23-8ad6-d7c9717f42b7 HTTP/1.1" 500 70 "-" "PostmanRuntime/7.35.0" {"timestamp":"21/Nov/2023:01:37:28 -0400"}
debug: Intentando obtener los archivos compartidos con el usuario con ID: 63975a5d-8260-4c23-8ad6-d7c9717f42b7 {"timestamp":"21/Nov/2023:01:42:55 -0400"}
info: Archivos compartidos con el usuario con ID: 63975a5d-8260-4c23-8ad6-d7c9717f42b7 obtenidos con éxito {"timestamp":"21/Nov/2023:01:42:55 -0400"}
info: ::1 - - [21/Nov/2023:05:42:55 +0000] "GET /api/files/mySharedFiles/63975a5d-8260-4c23-8ad6-d7c9717f42b7 HTTP/1.1" 200 736 "-" "PostmanRuntime/7.35.0" {"timestamp":"21/Nov/2023:01:42:55 -0400"}
info: Alguna información relevante {"timestamp":"21/Nov/2023:01:43:17 -0400"}
info: Find File by id {"timestamp":"21/Nov/2023:01:43:17 -0400"}
info: ::1 - - [21/Nov/2023:05:43:17 +0000] "POST /api/files/ HTTP/1.1" 201 627 "-" "PostmanRuntime/7.35.0" {"timestamp":"21/Nov/2023:01:43:17 -0400"}
debug: Intentando compartir el archivo con ID: e517e285-4725-47d9-8120-fd9820322c95 {"timestamp":"21/Nov/2023:01:43:44 -0400"}
info: FileService: Intentando compartir el archivo con ID: 0b09f870-c42b-455d-86c3-2f4d0196d764 {"timestamp":"21/Nov/2023:01:43:44 -0400"}
error: Archivo no encontrado {"timestamp":"21/Nov/2023:01:43:44 -0400"}
error: Error al compartir el archivo con ID: e517e285-4725-47d9-8120-fd9820322c95. Error: Error: Archivo no encontrado {"timestamp":"21/Nov/2023:01:43:44 -0400"}
info: ::1 - - [21/Nov/2023:05:43:44 +0000] "POST /api/files/share/e517e285-4725-47d9-8120-fd9820322c95 HTTP/1.1" 500 43 "-" "PostmanRuntime/7.35.0" {"timestamp":"21/Nov/2023:01:43:44 -0400"}
debug: Intentando compartir el archivo con ID: e517e285-4725-47d9-8120-fd9820322c95 {"timestamp":"21/Nov/2023:01:43:56 -0400"}
info: FileService: Intentando compartir el archivo con ID: 57026bc4-60e4-41db-936a-0280264fba20 {"timestamp":"21/Nov/2023:01:43:56 -0400"}
info: Archivo compartido con éxito con el usuario 0b09f870-c42b-455d-86c3-2f4d0196d764 {"timestamp":"21/Nov/2023:01:43:56 -0400"}
info: Archivo con ID: e517e285-4725-47d9-8120-fd9820322c95 compartido con éxito {"timestamp":"21/Nov/2023:01:43:56 -0400"}
info: ::1 - - [21/Nov/2023:05:43:56 +0000] "POST /api/files/share/e517e285-4725-47d9-8120-fd9820322c95 HTTP/1.1" 200 611 "-" "PostmanRuntime/7.35.0" {"timestamp":"21/Nov/2023:01:43:56 -0400"}
debug: Intentando obtener los archivos compartidos con el usuario con ID: 0b09f870-c42b-455d-86c3-2f4d0196d764 {"timestamp":"21/Nov/2023:01:44:08 -0400"}
info: Archivos compartidos con el usuario con ID: 0b09f870-c42b-455d-86c3-2f4d0196d764 obtenidos con éxito {"timestamp":"21/Nov/2023:01:44:08 -0400"}
info: ::1 - - [21/Nov/2023:05:44:08 +0000] "GET /api/files/mySharedFiles/0b09f870-c42b-455d-86c3-2f4d0196d764 HTTP/1.1" 200 875 "-" "PostmanRuntime/7.35.0" {"timestamp":"21/Nov/2023:01:44:08 -0400"}
debug: Intentando obtener los archivos compartidos con el usuario con ID: 0b09f870-c42b-455d-86c3-2f4d0196d764 {"timestamp":"21/Nov/2023:01:44:27 -0400"}
info: Archivos compartidos con el usuario con ID: 0b09f870-c42b-455d-86c3-2f4d0196d764 obtenidos con éxito {"timestamp":"21/Nov/2023:01:44:27 -0400"}
info: ::1 - - [21/Nov/2023:05:44:27 +0000] "GET /api/files/mySharedFiles/0b09f870-c42b-455d-86c3-2f4d0196d764 HTTP/1.1" 200 875 "-" "PostmanRuntime/7.35.0" {"timestamp":"21/Nov/2023:01:44:27 -0400"}
info: ::1 - - [21/Nov/2023:05:45:25 +0000] "POST /api/users HTTP/1.1" 201 350 "-" "PostmanRuntime/7.35.0" {"timestamp":"21/Nov/2023:01:45:25 -0400"}
debug: Intentando compartir el archivo con ID: e517e285-4725-47d9-8120-fd9820322c95 {"timestamp":"21/Nov/2023:01:45:41 -0400"}
info: FileService: Intentando compartir el archivo con ID: 57026bc4-60e4-41db-936a-0280264fba20 {"timestamp":"21/Nov/2023:01:45:41 -0400"}
info: Archivo compartido con éxito con el usuario eff48890-3b08-46b9-ba0e-3542b07a2d90 {"timestamp":"21/Nov/2023:01:45:41 -0400"}
info: Archivo con ID: e517e285-4725-47d9-8120-fd9820322c95 compartido con éxito {"timestamp":"21/Nov/2023:01:45:41 -0400"}
info: ::1 - - [21/Nov/2023:05:45:41 +0000] "POST /api/files/share/e517e285-4725-47d9-8120-fd9820322c95 HTTP/1.1" 200 611 "-" "PostmanRuntime/7.35.0" {"timestamp":"21/Nov/2023:01:45:41 -0400"}
debug: Intentando obtener los archivos compartidos con el usuario con ID: eff48890-3b08-46b9-ba0e-3542b07a2d90 {"timestamp":"21/Nov/2023:01:45:51 -0400"}
info: Archivos compartidos con el usuario con ID: eff48890-3b08-46b9-ba0e-3542b07a2d90 obtenidos con éxito {"timestamp":"21/Nov/2023:01:45:51 -0400"}
info: ::1 - - [21/Nov/2023:05:45:51 +0000] "GET /api/files/mySharedFiles/eff48890-3b08-46b9-ba0e-3542b07a2d90 HTTP/1.1" 200 155 "-" "PostmanRuntime/7.35.0" {"timestamp":"21/Nov/2023:01:45:51 -0400"}
info: ::1 - - [21/Nov/2023:06:18:15 +0000] "GET /api/files/share/1 HTTP/1.1" 404 156 "-" "PostmanRuntime/7.35.0" {"timestamp":"21/Nov/2023:02:18:15 -0400"}
info: Archivos compartidos con el usuario con ID: 1 obtenidos con éxito {"timestamp":"21/Nov/2023:02:18:44 -0400"}
info: ::1 - - [21/Nov/2023:06:18:44 +0000] "GET /api/files/mySharedFiles/1 HTTP/1.1" 200 971 "-" "PostmanRuntime/7.35.0" {"timestamp":"21/Nov/2023:02:18:44 -0400"}
info: Alguna información relevante {"timestamp":"21/Nov/2023:02:20:46 -0400"}
info: Find File by id {"timestamp":"21/Nov/2023:02:20:46 -0400"}
info: ::1 - - [21/Nov/2023:06:20:46 +0000] "POST /api/files/ HTTP/1.1" 201 558 "-" "PostmanRuntime/7.35.0" {"timestamp":"21/Nov/2023:02:20:46 -0400"}
info: FileService: Intentando compartir el archivo con ID: df22dbb0-c415-4d2c-b09b-74bf6904f98e {"timestamp":"21/Nov/2023:02:21:05 -0400"}
info: Archivo compartido con éxito con el usuario 1a939e65-a257-45ca-9e9e-22d32d599e1e {"timestamp":"21/Nov/2023:02:21:05 -0400"}
info: Archivo con ID: 1 compartido con éxito {"timestamp":"21/Nov/2023:02:21:05 -0400"}
info: ::1 - - [21/Nov/2023:06:21:05 +0000] "POST /api/files/share/1 HTTP/1.1" 200 612 "-" "PostmanRuntime/7.35.0" {"timestamp":"21/Nov/2023:02:21:05 -0400"}
info: Archivos compartidos con el usuario con ID: 1a939e65-a257-45ca-9e9e-22d32d599e1e obtenidos con éxito {"timestamp":"21/Nov/2023:02:22:58 -0400"}
info: ::1 - - [21/Nov/2023:06:22:58 +0000] "GET /api/files/mySharedFiles/1a939e65-a257-45ca-9e9e-22d32d599e1e/df22dbb0-c415-4d2c-b09b-74bf6904f98e HTTP/1.1" 200 155 "-" "PostmanRuntime/7.35.0" {"timestamp":"21/Nov/2023:02:22:58 -0400"}
info: Archivos compartidos con el usuario con ID: 1a939e65-a257-45ca-9e9e-22d32d599e1e obtenidos con éxito {"timestamp":"21/Nov/2023:02:39:18 -0400"}
info: ::1 - - [21/Nov/2023:06:39:18 +0000] "GET /api/files/mySharedFiles/1a939e65-a257-45ca-9e9e-22d32d599e1e/df22dbb0-c415-4d2c-b09b-74bf6904f98e HTTP/1.1" 200 155 "-" "PostmanRuntime/7.35.0" {"timestamp":"21/Nov/2023:02:39:18 -0400"}
info: FileService: Intentando que el usuario de id=1a939e65-a257-45ca-9e9e-22d32d599e1e pueda actualizar al archivo compartido con ID: df22dbb0-c415-4d2c-b09b-74bf6904f98e {"timestamp":"21/Nov/2023:02:39:41 -0400"}
error: Error al obtener los archivos compartidos con el usuario con ID: 1a939e65-a257-45ca-9e9e-22d32d599e1e. Error: TypeError: Cannot read properties of undefined (reading 'name') {"timestamp":"21/Nov/2023:02:39:42 -0400"}
info: ::1 - - [21/Nov/2023:06:39:42 +0000] "PUT /api/files/mySharedFiles/1a939e65-a257-45ca-9e9e-22d32d599e1e/df22dbb0-c415-4d2c-b09b-74bf6904f98e HTTP/1.1" 500 70 "-" "PostmanRuntime/7.35.0" {"timestamp":"21/Nov/2023:02:39:42 -0400"}
info: Archivos compartidos con el usuario con ID: 1a939e65-a257-45ca-9e9e-22d32d599e1e obtenidos con éxito {"timestamp":"21/Nov/2023:02:39:52 -0400"}
info: ::1 - - [21/Nov/2023:06:39:52 +0000] "GET /api/files/mySharedFiles/1a939e65-a257-45ca-9e9e-22d32d599e1e/df22dbb0-c415-4d2c-b09b-74bf6904f98e HTTP/1.1" 200 155 "-" "PostmanRuntime/7.35.0" {"timestamp":"21/Nov/2023:02:39:52 -0400"}
info: Archivos compartidos con el usuario con ID: 1a939e65-a257-45ca-9e9e-22d32d599e1e obtenidos con éxito {"timestamp":"21/Nov/2023:02:42:22 -0400"}
info: ::1 - - [21/Nov/2023:06:42:22 +0000] "GET /api/files/mySharedFiles/1a939e65-a257-45ca-9e9e-22d32d599e1e HTTP/1.1" 200 448 "-" "PostmanRuntime/7.35.0" {"timestamp":"21/Nov/2023:02:42:22 -0400"}
info: Alguna información relevante {"timestamp":"21/Nov/2023:02:43:58 -0400"}
info: Find File by id {"timestamp":"21/Nov/2023:02:43:58 -0400"}
info: ::1 - - [21/Nov/2023:06:43:58 +0000] "POST /api/files/ HTTP/1.1" 201 558 "-" "PostmanRuntime/7.35.0" {"timestamp":"21/Nov/2023:02:43:58 -0400"}
info: FileService: Intentando compartir el archivo con ID: b22877a6-0d29-45ab-8e7a-ee6ccbabd3ff {"timestamp":"21/Nov/2023:02:44:50 -0400"}
info: Archivo compartido con éxito con el usuario 1a939e65-a257-45ca-9e9e-22d32d599e1e {"timestamp":"21/Nov/2023:02:44:50 -0400"}
info: Archivo con ID: 1 compartido con éxito {"timestamp":"21/Nov/2023:02:44:50 -0400"}
info: ::1 - - [21/Nov/2023:06:44:50 +0000] "POST /api/files/share/1 HTTP/1.1" 200 609 "-" "PostmanRuntime/7.35.0" {"timestamp":"21/Nov/2023:02:44:50 -0400"}
info: FileService: Intentando que el usuario de id=1a939e65-a257-45ca-9e9e-22d32d599e1e pueda actualizar al archivo compartido con ID: b22877a6-0d29-45ab-8e7a-ee6ccbabd3ff {"timestamp":"21/Nov/2023:02:45:26 -0400"}
error: Error al obtener los archivos compartidos con el usuario con ID: 1a939e65-a257-45ca-9e9e-22d32d599e1e. Error: TypeError: Cannot read properties of undefined (reading 'name') {"timestamp":"21/Nov/2023:02:45:26 -0400"}
info: ::1 - - [21/Nov/2023:06:45:26 +0000] "PUT /api/files/mySharedFiles/1a939e65-a257-45ca-9e9e-22d32d599e1e/b22877a6-0d29-45ab-8e7a-ee6ccbabd3ff HTTP/1.1" 500 70 "-" "PostmanRuntime/7.35.0" {"timestamp":"21/Nov/2023:02:45:26 -0400"}
info: FileService: Intentando que el usuario de id=1a939e65-a257-45ca-9e9e-22d32d599e1e pueda actualizar al archivo compartido con ID: b22877a6-0d29-45ab-8e7a-ee6ccbabd3ff {"timestamp":"21/Nov/2023:02:48:39 -0400"}
error: Error al obtener los archivos compartidos con el usuario con ID: 1a939e65-a257-45ca-9e9e-22d32d599e1e. Error: TypeError: Cannot read properties of undefined (reading 'name') {"timestamp":"21/Nov/2023:02:48:39 -0400"}
info: ::1 - - [21/Nov/2023:06:48:39 +0000] "PUT /api/files/mySharedFiles/1a939e65-a257-45ca-9e9e-22d32d599e1e/b22877a6-0d29-45ab-8e7a-ee6ccbabd3ff HTTP/1.1" 500 70 "-" "PostmanRuntime/7.35.0" {"timestamp":"21/Nov/2023:02:48:39 -0400"}
info: FileService: Intentando que el usuario de id=1a939e65-a257-45ca-9e9e-22d32d599e1e pueda actualizar al archivo compartido con ID: b22877a6-0d29-45ab-8e7a-ee6ccbabd3ff {"timestamp":"21/Nov/2023:02:52:47 -0400"}
error: Error al obtener los archivos compartidos con el usuario con ID: 1a939e65-a257-45ca-9e9e-22d32d599e1e. Error: TypeError: Cannot read properties of undefined (reading 'name') {"timestamp":"21/Nov/2023:02:52:47 -0400"}
info: ::1 - - [21/Nov/2023:06:52:47 +0000] "PUT /api/files/mySharedFiles/1a939e65-a257-45ca-9e9e-22d32d599e1e/b22877a6-0d29-45ab-8e7a-ee6ccbabd3ff HTTP/1.1" 500 70 "-" "PostmanRuntime/7.35.0" {"timestamp":"21/Nov/2023:02:52:47 -0400"}
info: FileService: Intentando que el usuario de id=1a939e65-a257-45ca-9e9e-22d32d599e1e pueda actualizar al archivo compartido con ID: b22877a6-0d29-45ab-8e7a-ee6ccbabd3ff {"timestamp":"21/Nov/2023:02:53:33 -0400"}
info: Archivos compartidos con el usuario con ID: 1a939e65-a257-45ca-9e9e-22d32d599e1e obtenidos con éxito {"timestamp":"21/Nov/2023:02:53:33 -0400"}
info: ::1 - - [21/Nov/2023:06:53:33 +0000] "PUT /api/files/mySharedFiles/1a939e65-a257-45ca-9e9e-22d32d599e1e/b22877a6-0d29-45ab-8e7a-ee6ccbabd3ff HTTP/1.1" 200 238 "-" "PostmanRuntime/7.35.0" {"timestamp":"21/Nov/2023:02:53:33 -0400"}
info: FileService: Intentando que el usuario de id=1a939e65-a257-45ca-9e9e-22d32d599e1e pueda actualizar al archivo compartido con ID: b22877a6-0d29-45ab-8e7a-ee6ccbabd3ff {"timestamp":"21/Nov/2023:02:56:52 -0400"}
info: Archivos compartidos con el usuario con ID: 1a939e65-a257-45ca-9e9e-22d32d599e1e obtenidos con éxito {"timestamp":"21/Nov/2023:02:56:52 -0400"}
info: ::1 - - [21/Nov/2023:06:56:52 +0000] "PUT /api/files/mySharedFiles/1a939e65-a257-45ca-9e9e-22d32d599e1e/b22877a6-0d29-45ab-8e7a-ee6ccbabd3ff HTTP/1.1" 200 239 "-" "PostmanRuntime/7.35.0" {"timestamp":"21/Nov/2023:02:56:52 -0400"}
info: FileService: Intentando que el usuario de id=1a939e65-a257-45ca-9e9e-22d32d599e1e pueda actualizar al archivo compartido con ID: b22877a6-0d29-45ab-8e7a-ee6ccbabd3ff {"timestamp":"21/Nov/2023:02:58:18 -0400"}
error: Error al obtener los archivos compartidos con el usuario con ID: 1a939e65-a257-45ca-9e9e-22d32d599e1e. Error: TypeError: Cannot read properties of undefined (reading 'name') {"timestamp":"21/Nov/2023:02:58:18 -0400"}
info: ::1 - - [21/Nov/2023:06:58:18 +0000] "PUT /api/files/mySharedFiles/1a939e65-a257-45ca-9e9e-22d32d599e1e/b22877a6-0d29-45ab-8e7a-ee6ccbabd3ff HTTP/1.1" 500 70 "-" "PostmanRuntime/7.35.0" {"timestamp":"21/Nov/2023:02:58:18 -0400"}
info: FileService: Intentando que el usuario de id=1a939e65-a257-45ca-9e9e-22d32d599e1e pueda actualizar al archivo compartido con ID: b22877a6-0d29-45ab-8e7a-ee6ccbabd3ff {"timestamp":"21/Nov/2023:02:59:56 -0400"}
info: Archivos compartidos con el usuario con ID: 1a939e65-a257-45ca-9e9e-22d32d599e1e obtenidos con éxito {"timestamp":"21/Nov/2023:02:59:57 -0400"}
info: ::1 - - [21/Nov/2023:06:59:57 +0000] "PUT /api/files/mySharedFiles/1a939e65-a257-45ca-9e9e-22d32d599e1e/b22877a6-0d29-45ab-8e7a-ee6ccbabd3ff HTTP/1.1" 200 249 "-" "PostmanRuntime/7.35.0" {"timestamp":"21/Nov/2023:02:59:57 -0400"}
info: ::1 - - [21/Nov/2023:07:02:13 +0000] "POST /api/users HTTP/1.1" 201 345 "-" "PostmanRuntime/7.35.0" {"timestamp":"21/Nov/2023:03:02:13 -0400"}
info: Alguna información relevante {"timestamp":"21/Nov/2023:03:02:40 -0400"}
info: Find File by id {"timestamp":"21/Nov/2023:03:02:40 -0400"}
info: ::1 - - [21/Nov/2023:07:02:40 +0000] "POST /api/files/ HTTP/1.1" 201 558 "-" "PostmanRuntime/7.35.0" {"timestamp":"21/Nov/2023:03:02:40 -0400"}
info: FileService: Intentando compartir el archivo con ID: e06b63e1-1d14-402f-8960-5040b93f919e {"timestamp":"21/Nov/2023:03:03:22 -0400"}
info: Archivo compartido con éxito con el usuario 1602518c-c96c-4b6f-8a1b-50db24085ebd {"timestamp":"21/Nov/2023:03:03:22 -0400"}
info: Archivo con ID: 1 compartido con éxito {"timestamp":"21/Nov/2023:03:03:22 -0400"}
info: ::1 - - [21/Nov/2023:07:03:22 +0000] "POST /api/files/share/1 HTTP/1.1" 200 623 "-" "PostmanRuntime/7.35.0" {"timestamp":"21/Nov/2023:03:03:22 -0400"}
info: FileService: Intentando que el usuario de id=1602518c-c96c-4b6f-8a1b-50db24085ebd pueda actualizar al archivo compartido con ID: e06b63e1-1d14-402f-8960-5040b93f919e {"timestamp":"21/Nov/2023:03:04:15 -0400"}
error: No puede actualizar este archivo {"timestamp":"21/Nov/2023:03:04:15 -0400"}
error: Error al obtener los archivos compartidos con el usuario con ID: 1602518c-c96c-4b6f-8a1b-50db24085ebd. Error: Error: No tiene permiso de modificar este archivo {"timestamp":"21/Nov/2023:03:04:15 -0400"}
info: ::1 - - [21/Nov/2023:07:04:15 +0000] "PUT /api/files/mySharedFiles/1602518c-c96c-4b6f-8a1b-50db24085ebd/e06b63e1-1d14-402f-8960-5040b93f919e HTTP/1.1" 500 70 "-" "PostmanRuntime/7.35.0" {"timestamp":"21/Nov/2023:03:04:15 -0400"}
info: FileService: Intentando que el usuario de id=1602518c-c96c-4b6f-8a1b-50db24085ebd pueda actualizar al archivo compartido con ID: e06b63e1-1d14-402f-8960-5040b93f919e {"timestamp":"21/Nov/2023:03:05:42 -0400"}
error: No puede actualizar este archivo {"timestamp":"21/Nov/2023:03:05:42 -0400"}
error: Error al obtener los archivos compartidos con el usuario con ID: 1602518c-c96c-4b6f-8a1b-50db24085ebd. Error: Error: No tiene permiso de modificar este archivo {"timestamp":"21/Nov/2023:03:05:42 -0400"}
info: ::1 - - [21/Nov/2023:07:05:42 +0000] "PUT /api/files/mySharedFiles/1602518c-c96c-4b6f-8a1b-50db24085ebd/e06b63e1-1d14-402f-8960-5040b93f919e HTTP/1.1" 500 70 "-" "PostmanRuntime/7.35.0" {"timestamp":"21/Nov/2023:03:05:42 -0400"}
info: FileService: Intentando que el usuario de id=1602518c-c96c-4b6f-8a1b-50db24085ebd pueda actualizar al archivo compartido con ID: e06b63e1-1d14-402f-8960-5040b93f919e {"timestamp":"21/Nov/2023:03:06:46 -0400"}
error: No puede actualizar este archivo {"timestamp":"21/Nov/2023:03:06:46 -0400"}
error: Error al obtener los archivos compartidos con el usuario con ID: 1602518c-c96c-4b6f-8a1b-50db24085ebd. Error: Error: No tiene permiso de modificar este archivo {"timestamp":"21/Nov/2023:03:06:46 -0400"}
info: ::1 - - [21/Nov/2023:07:06:46 +0000] "PUT /api/files/mySharedFiles/1602518c-c96c-4b6f-8a1b-50db24085ebd/e06b63e1-1d14-402f-8960-5040b93f919e HTTP/1.1" 500 70 "-" "PostmanRuntime/7.35.0" {"timestamp":"21/Nov/2023:03:06:46 -0400"}
info: FileService: Intentando que el usuario de id=1a939e65-a257-45ca-9e9e-22d32d599e1e pueda actualizar al archivo compartido con ID: b22877a6-0d29-45ab-8e7a-ee6ccbabd3ff {"timestamp":"21/Nov/2023:03:08:03 -0400"}
info: Archivos compartidos con el usuario con ID: 1a939e65-a257-45ca-9e9e-22d32d599e1e obtenidos con éxito {"timestamp":"21/Nov/2023:03:08:03 -0400"}
info: ::1 - - [21/Nov/2023:07:08:03 +0000] "PUT /api/files/mySharedFiles/1a939e65-a257-45ca-9e9e-22d32d599e1e/b22877a6-0d29-45ab-8e7a-ee6ccbabd3ff HTTP/1.1" 200 249 "-" "PostmanRuntime/7.35.0" {"timestamp":"21/Nov/2023:03:08:03 -0400"}
info: FileService: Intentando que el usuario de id=1a939e65-a257-45ca-9e9e-22d32d599e1e pueda eliminar al archivo compartido con ID: b22877a6-0d29-45ab-8e7a-ee6ccbabd3ff {"timestamp":"21/Nov/2023:03:26:53 -0400"}
info: Eliminando file en Repository {"timestamp":"21/Nov/2023:03:26:53 -0400"}
error: Error al eliminar al archivo con ID: 1a939e65-a257-45ca-9e9e-22d32d599e1e. Error: QueryFailedError: ER_ROW_IS_REFERENCED_2: Cannot delete or update a parent row: a foreign key constraint fails (`CertiDrive`.`shared_file_entity`, CONSTRAINT `FK_84ca0e3a20b33077609c020107a` FOREIGN KEY (`fileId`) REFERENCES `file_entity` (`id`)) {"timestamp":"21/Nov/2023:03:26:54 -0400"}
info: ::1 - - [21/Nov/2023:07:26:54 +0000] "DELETE /api/files/mySharedFiles/1a939e65-a257-45ca-9e9e-22d32d599e1e/b22877a6-0d29-45ab-8e7a-ee6ccbabd3ff HTTP/1.1" 500 71 "-" "PostmanRuntime/7.35.0" {"timestamp":"21/Nov/2023:03:26:54 -0400"}
info: FileService: Intentando que el usuario de id=1a939e65-a257-45ca-9e9e-22d32d599e1e pueda actualizar al archivo compartido con ID: b22877a6-0d29-45ab-8e7a-ee6ccbabd3ff {"timestamp":"21/Nov/2023:03:27:05 -0400"}
info: Archivos compartidos con el usuario con ID: 1a939e65-a257-45ca-9e9e-22d32d599e1e obtenidos con éxito {"timestamp":"21/Nov/2023:03:27:05 -0400"}
info: ::1 - - [21/Nov/2023:07:27:05 +0000] "PUT /api/files/mySharedFiles/1a939e65-a257-45ca-9e9e-22d32d599e1e/b22877a6-0d29-45ab-8e7a-ee6ccbabd3ff HTTP/1.1" 200 252 "-" "PostmanRuntime/7.35.0" {"timestamp":"21/Nov/2023:03:27:05 -0400"}
info: FileService: Intentando que el usuario de id=1a939e65-a257-45ca-9e9e-22d32d599e1e pueda actualizar al archivo compartido con ID: b22877a6-0d29-45ab-8e7a-ee6ccbabd3ff {"timestamp":"21/Nov/2023:03:30:04 -0400"}
info: Archivos compartidos con el usuario con ID: 1a939e65-a257-45ca-9e9e-22d32d599e1e obtenidos con éxito {"timestamp":"21/Nov/2023:03:30:05 -0400"}
info: ::1 - - [21/Nov/2023:07:30:05 +0000] "PUT /api/files/mySharedFiles/1a939e65-a257-45ca-9e9e-22d32d599e1e/b22877a6-0d29-45ab-8e7a-ee6ccbabd3ff HTTP/1.1" 200 252 "-" "PostmanRuntime/7.35.0" {"timestamp":"21/Nov/2023:03:30:05 -0400"}
info: FileService: Intentando que el usuario de id=1a939e65-a257-45ca-9e9e-22d32d599e1e pueda eliminar al archivo compartido con ID: b22877a6-0d29-45ab-8e7a-ee6ccbabd3ff {"timestamp":"21/Nov/2023:03:30:13 -0400"}
info: Eliminando file en Repository {"timestamp":"21/Nov/2023:03:30:13 -0400"}
error: Error al eliminar al archivo con ID: 1a939e65-a257-45ca-9e9e-22d32d599e1e. Error: QueryFailedError: ER_ROW_IS_REFERENCED_2: Cannot delete or update a parent row: a foreign key constraint fails (`CertiDrive`.`shared_file_entity`, CONSTRAINT `FK_84ca0e3a20b33077609c020107a` FOREIGN KEY (`fileId`) REFERENCES `file_entity` (`id`)) {"timestamp":"21/Nov/2023:03:30:13 -0400"}
info: ::1 - - [21/Nov/2023:07:30:13 +0000] "DELETE /api/files/mySharedFiles/1a939e65-a257-45ca-9e9e-22d32d599e1e/b22877a6-0d29-45ab-8e7a-ee6ccbabd3ff HTTP/1.1" 500 71 "-" "PostmanRuntime/7.35.0" {"timestamp":"21/Nov/2023:03:30:13 -0400"}
info: FileService: Intentando que el usuario de id=1a939e65-a257-45ca-9e9e-22d32d599e1e pueda eliminar al archivo compartido con ID: b22877a6-0d29-45ab-8e7a-ee6ccbabd3ff {"timestamp":"21/Nov/2023:03:34:37 -0400"}
info: Eliminando file en Repository {"timestamp":"21/Nov/2023:03:34:37 -0400"}
info: Archivos compartidos con el usuario con ID: 1a939e65-a257-45ca-9e9e-22d32d599e1e obtenidos con éxito {"timestamp":"21/Nov/2023:03:34:38 -0400"}
info: ::1 - - [21/Nov/2023:07:34:38 +0000] "DELETE /api/files/mySharedFiles/1a939e65-a257-45ca-9e9e-22d32d599e1e/b22877a6-0d29-45ab-8e7a-ee6ccbabd3ff HTTP/1.1" 200 42 "-" "PostmanRuntime/7.35.0" {"timestamp":"21/Nov/2023:03:34:38 -0400"}
info: ::1 - - [21/Nov/2023:07:40:56 +0000] "GET /api/files/ HTTP/1.1" 200 1510 "-" "PostmanRuntime/7.35.0" {"timestamp":"21/Nov/2023:03:40:56 -0400"}
info: ::1 - - [21/Nov/2023:07:40:58 +0000] "GET /api/files/ HTTP/1.1" 200 1510 "-" "PostmanRuntime/7.35.0" {"timestamp":"21/Nov/2023:03:40:58 -0400"}
info: ::1 - - [21/Nov/2023:07:41:00 +0000] "GET /api/files/ HTTP/1.1" 200 1510 "-" "PostmanRuntime/7.35.0" {"timestamp":"21/Nov/2023:03:41:00 -0400"}
info: ::1 - - [21/Nov/2023:07:41:01 +0000] "GET /api/files/ HTTP/1.1" 200 1510 "-" "PostmanRuntime/7.35.0" {"timestamp":"21/Nov/2023:03:41:01 -0400"}
info: ::1 - - [21/Nov/2023:07:41:03 +0000] "GET /api/files/ HTTP/1.1" 200 1510 "-" "PostmanRuntime/7.35.0" {"timestamp":"21/Nov/2023:03:41:03 -0400"}
info: ::1 - - [21/Nov/2023:07:41:05 +0000] "GET /api/files/ HTTP/1.1" 200 1510 "-" "PostmanRuntime/7.35.0" {"timestamp":"21/Nov/2023:03:41:05 -0400"}
info: ::1 - - [21/Nov/2023:07:41:07 +0000] "GET /api/files/ HTTP/1.1" 200 1510 "-" "PostmanRuntime/7.35.0" {"timestamp":"21/Nov/2023:03:41:07 -0400"}
info: ::1 - - [21/Nov/2023:07:41:09 +0000] "GET /api/files/ HTTP/1.1" 200 1510 "-" "PostmanRuntime/7.35.0" {"timestamp":"21/Nov/2023:03:41:09 -0400"}
info: ::1 - - [21/Nov/2023:07:41:11 +0000] "GET /api/files/ HTTP/1.1" 200 1510 "-" "PostmanRuntime/7.35.0" {"timestamp":"21/Nov/2023:03:41:11 -0400"}
info: ::1 - - [21/Nov/2023:07:41:12 +0000] "GET /api/files/ HTTP/1.1" 200 1510 "-" "PostmanRuntime/7.35.0" {"timestamp":"21/Nov/2023:03:41:12 -0400"}
info: ::1 - - [21/Nov/2023:07:57:59 +0000] "POST /api/users HTTP/1.1" - - "-" "PostmanRuntime/7.35.0" {"timestamp":"21/Nov/2023:03:57:59 -0400"}
info: ::1 - - [21/Nov/2023:07:59:59 +0000] "POST /api/users HTTP/1.1" - - "-" "PostmanRuntime/7.35.0" {"timestamp":"21/Nov/2023:03:59:59 -0400"}
info: ::1 - - [21/Nov/2023:08:01:07 +0000] "GET /api/users/1 HTTP/1.1" 401 36 "-" "PostmanRuntime/7.35.0" {"timestamp":"21/Nov/2023:04:01:07 -0400"}
info: ::1 - - [21/Nov/2023:08:04:36 +0000] "POST /api/users HTTP/1.1" - - "-" "PostmanRuntime/7.35.0" {"timestamp":"21/Nov/2023:04:04:36 -0400"}
info: ::1 - - [21/Nov/2023:08:07:17 +0000] "POST /api/users HTTP/1.1" 201 354 "-" "PostmanRuntime/7.35.0" {"timestamp":"21/Nov/2023:04:07:17 -0400"}
info: ::1 - - [21/Nov/2023:08:08:14 +0000] "POST /api/users HTTP/1.1" 201 357 "-" "PostmanRuntime/7.35.0" {"timestamp":"21/Nov/2023:04:08:14 -0400"}
info: ::1 - - [21/Nov/2023:08:09:43 +0000] "POST /api/users HTTP/1.1" 400 129 "-" "PostmanRuntime/7.35.0" {"timestamp":"21/Nov/2023:04:09:43 -0400"}
info: ::1 - - [21/Nov/2023:08:09:51 +0000] "POST /api/users HTTP/1.1" 201 358 "-" "PostmanRuntime/7.35.0" {"timestamp":"21/Nov/2023:04:09:51 -0400"}
info: ::1 - - [21/Nov/2023:08:10:17 +0000] "POST /api/users HTTP/1.1" 201 357 "-" "PostmanRuntime/7.35.0" {"timestamp":"21/Nov/2023:04:10:17 -0400"}
info: ::1 - - [21/Nov/2023:08:13:50 +0000] "POST /api/users HTTP/1.1" 400 250 "-" "PostmanRuntime/7.35.0" {"timestamp":"21/Nov/2023:04:13:50 -0400"}
info: ::1 - - [21/Nov/2023:08:18:31 +0000] "POST /api/files/ HTTP/1.1" - - "-" "PostmanRuntime/7.35.0" {"timestamp":"21/Nov/2023:04:18:31 -0400"}
info: ::1 - - [21/Nov/2023:08:20:48 +0000] "POST /api/files/ HTTP/1.1" 400 104 "-" "PostmanRuntime/7.35.0" {"timestamp":"21/Nov/2023:04:20:48 -0400"}
info: ::1 - - [21/Nov/2023:08:21:04 +0000] "POST /api/files/ HTTP/1.1" 400 104 "-" "PostmanRuntime/7.35.0" {"timestamp":"21/Nov/2023:04:21:04 -0400"}
error: Error al eliminar al usuario con ID: 1. Error: QueryFailedError: ER_ROW_IS_REFERENCED_2: Cannot delete or update a parent row: a foreign key constraint fails (`CertiDrive`.`file_entity`, CONSTRAINT `FK_7c2f119d73cd731ecd372ff4537` FOREIGN KEY (`user_id`) REFERENCES `user_entity` (`id`)) {"timestamp":"21/Nov/2023:04:22:34 -0400"}
info: ::1 - - [21/Nov/2023:08:22:34 +0000] "DELETE /api/users/1 HTTP/1.1" 500 777 "-" "PostmanRuntime/7.35.0" {"timestamp":"21/Nov/2023:04:22:34 -0400"}
info: Usuario con ID: 1 eliminado con éxito {"timestamp":"21/Nov/2023:04:24:36 -0400"}
info: ::1 - - [21/Nov/2023:08:24:36 +0000] "DELETE /api/users/1 HTTP/1.1" 200 42 "-" "PostmanRuntime/7.35.0" {"timestamp":"21/Nov/2023:04:24:36 -0400"}
